<?xml version="1.0" encoding="UTF-8"?>
<!-- Generated by org.testng.reporters.JUnitXMLReporter -->
<testsuite ignored="0" hostname="MacBook-Pro-Fauzan.local" failures="0" tests="6" name="Basic Test" time="42.354" errors="0" timestamp="2025-11-14T22:35:15 WIB">
  <testcase classname="com.juaracoding.swaglabs.LoginTest" name="loginSuccessWithValidCredentialTest" time="6.085"/>
  <testcase classname="com.juaracoding.swaglabs.LoginTest" name="loginFailedWithInvalidUsernameTest" time="6.861"/>
  <testcase classname="com.juaracoding.swaglabs.LoginTest" name="loginFailedWithInvalidPasswordTest" time="6.85"/>
  <testcase classname="com.juaracoding.swaglabs.LoginTest" name="loginFailedWithEmptyTest" time="6.656"/>
  <testcase classname="com.juaracoding.swaglabs.LoginTest" name="loginFailedWithEmptyUsernameTest" time="6.85"/>
  <testcase classname="com.juaracoding.swaglabs.LoginTest" name="loginFailedWithEmptyPasswordTest" time="9.003"/>
</testsuite> <!-- Basic Test -->
