<?xml version="1.0" encoding="UTF-8"?>
<!-- Generated by org.testng.reporters.JUnitXMLReporter -->
<testsuite ignored="0" hostname="MacBook-Pro-Fauzan.local" failures="1" tests="12" name="Basic Test" time="51.088" errors="0" timestamp="2025-11-20T21:03:59 WIB">
  <testcase classname="com.juaracoding.swaglabs.LoginTest" name="loginSuccessWithValidCredentialTest" time="0.581"/>
  <testcase classname="com.juaracoding.swaglabs.LoginTest" name="loginFailedWithInvalidUsernameTest" time="0.581"/>
  <testcase classname="com.juaracoding.swaglabs.LoginTest" name="loginFailedWithInvalidPasswordTest" time="0.516"/>
  <testcase classname="com.juaracoding.swaglabs.LoginTest" name="loginFailedWithEmptyTest" time="0.451"/>
  <testcase classname="com.juaracoding.swaglabs.LoginTest" name="loginFailedWithEmptyUsernameTest" time="0.492"/>
  <testcase classname="com.juaracoding.swaglabs.LoginTest" name="loginFailedWithEmptyPasswordTest" time="0.529"/>
  <testcase classname="com.juaracoding.swaglabs.InventoryTest" name="addSingleProductToCartTest" time="1.09"/>
  <testcase classname="com.juaracoding.swaglabs.InventoryTest" name="addMultipleProductToCartTest" time="0.806"/>
  <testcase classname="com.juaracoding.swaglabs.InventoryTest" name="deleteProductFromInventariesPageTest" time="0.735"/>
  <testcase classname="com.juaracoding.swaglabs.InventoryTest" name="orderLowToHighBasePriceTest" time="0.683"/>
  <testcase classname="com.juaracoding.swaglabs.InventoryTest" name="forbidenAccessToInventoryPageWithoutLoginTest" time="0.513"/>
  <testcase classname="com.juaracoding.swaglabs.InventoryTest" name="resetApplicationSateAfterProductAddTest" time="1.094">
    <failure type="org.openqa.selenium.ElementNotInteractableException" message="element not interactable
  (Session info: chrome=142.0.7444.176)
Build info: version: &amp;apos;4.27.0&amp;apos;, revision: &amp;apos;d6e718d134&amp;apos;
System info: os.name: &amp;apos;Mac OS X&amp;apos;, os.arch: &amp;apos;x86_64&amp;apos;, os.version: &amp;apos;26.1&amp;apos;, java.version: &amp;apos;25&amp;apos;
Driver info: org.openqa.selenium.chrome.ChromeDriver
Command: [abeb92d55992235e2ae59fc2c5ac0c3c, clickElement {id=f.23CCC634B68BC1A6289DA72978616A51.d.D071E302AFA0003656B4B4061D621D25.e.23}]
Capabilities {acceptInsecureCerts: false, browserName: chrome, browserVersion: 142.0.7444.176, chrome: {chromedriverVersion: 142.0.7444.175 (302067f14a4..., userDataDir: /var/folders/5j/brbg8w1j4qv...}, fedcm:accounts: true, goog:chromeOptions: {debuggerAddress: localhost:57289}, goog:processID: 21059, networkConnectionEnabled: false, pageLoadStrategy: normal, platformName: mac, proxy: Proxy(), se:cdp: ws://localhost:57289/devtoo..., se:cdpVersion: 142.0.7444.176, setWindowRect: true, strictFileInteractability: false, timeouts: {implicit: 0, pageLoad: 300000, script: 30000}, unhandledPromptBehavior: dismiss and notify, webauthn:extension:credBlob: true, webauthn:extension:largeBlob: true, webauthn:extension:minPinLength: true, webauthn:extension:prf: true, webauthn:virtualAuthenticators: true}
Element: [[ChromeDriver: chrome on mac (abeb92d55992235e2ae59fc2c5ac0c3c)] -&amp;gt; id: reset_sidebar_link]
Session ID: abeb92d55992235e2ae59fc2c5ac0c3c">
      <![CDATA[org.openqa.selenium.ElementNotInteractableException: element not interactable
  (Session info: chrome=142.0.7444.176)
Build info: version: '4.27.0', revision: 'd6e718d134'
System info: os.name: 'Mac OS X', os.arch: 'x86_64', os.version: '26.1', java.version: '25'
Driver info: org.openqa.selenium.chrome.ChromeDriver
Command: [abeb92d55992235e2ae59fc2c5ac0c3c, clickElement {id=f.23CCC634B68BC1A6289DA72978616A51.d.D071E302AFA0003656B4B4061D621D25.e.23}]
Capabilities {acceptInsecureCerts: false, browserName: chrome, browserVersion: 142.0.7444.176, chrome: {chromedriverVersion: 142.0.7444.175 (302067f14a4..., userDataDir: /var/folders/5j/brbg8w1j4qv...}, fedcm:accounts: true, goog:chromeOptions: {debuggerAddress: localhost:57289}, goog:processID: 21059, networkConnectionEnabled: false, pageLoadStrategy: normal, platformName: mac, proxy: Proxy(), se:cdp: ws://localhost:57289/devtoo..., se:cdpVersion: 142.0.7444.176, setWindowRect: true, strictFileInteractability: false, timeouts: {implicit: 0, pageLoad: 300000, script: 30000}, unhandledPromptBehavior: dismiss and notify, webauthn:extension:credBlob: true, webauthn:extension:largeBlob: true, webauthn:extension:minPinLength: true, webauthn:extension:prf: true, webauthn:virtualAuthenticators: true}
Element: [[ChromeDriver: chrome on mac (abeb92d55992235e2ae59fc2c5ac0c3c)] -> id: reset_sidebar_link]
Session ID: abeb92d55992235e2ae59fc2c5ac0c3c
at org.openqa.selenium.remote.ErrorCodec.decode(ErrorCodec.java:167)
at org.openqa.selenium.remote.codec.w3c.W3CHttpResponseCodec.decode(W3CHttpResponseCodec.java:138)
at org.openqa.selenium.remote.codec.w3c.W3CHttpResponseCodec.decode(W3CHttpResponseCodec.java:50)
at org.openqa.selenium.remote.HttpCommandExecutor.execute(HttpCommandExecutor.java:190)
at org.openqa.selenium.remote.service.DriverCommandExecutor.invokeExecute(DriverCommandExecutor.java:216)
at org.openqa.selenium.remote.service.DriverCommandExecutor.execute(DriverCommandExecutor.java:174)
at org.openqa.selenium.remote.RemoteWebDriver.execute(RemoteWebDriver.java:545)
at org.openqa.selenium.remote.RemoteWebElement.execute(RemoteWebElement.java:223)
at org.openqa.selenium.remote.RemoteWebElement.click(RemoteWebElement.java:76)
at com.juaracoding.swaglabs.components.NavbarComponent.clickResetSideBar(NavbarComponent.java:19)
at com.juaracoding.swaglabs.InventoryTest.resetApplicationSateAfterProductAddTest(InventoryTest.java:133)
at java.base/java.util.ArrayList.forEach(ArrayList.java:1604)
... Removed 32 stack frames]]>
    </failure>
  </testcase> <!-- resetApplicationSateAfterProductAddTest -->
</testsuite> <!-- Basic Test -->
