<?xml version="1.0" encoding="UTF-8"?>
<!-- Generated by org.testng.reporters.JUnitXMLReporter -->
<testsuite ignored="0" hostname="MacBook-Pro-Fauzan.local" failures="0" tests="8" name="Basic Test" time="47.718" errors="0" timestamp="2025-11-18T21:31:51 WIB">
  <testcase classname="com.juaracoding.swaglabs.LoginTest" name="loginSuccessWithValidCredentialTest" time="2.613"/>
  <testcase classname="com.juaracoding.swaglabs.LoginTest" name="loginFailedWithInvalidUsernameTest" time="2.603"/>
  <testcase classname="com.juaracoding.swaglabs.LoginTest" name="loginFailedWithInvalidPasswordTest" time="2.576"/>
  <testcase classname="com.juaracoding.swaglabs.LoginTest" name="loginFailedWithEmptyTest" time="2.688"/>
  <testcase classname="com.juaracoding.swaglabs.LoginTest" name="loginFailedWithEmptyUsernameTest" time="5.105"/>
  <testcase classname="com.juaracoding.swaglabs.LoginTest" name="loginFailedWithEmptyPasswordTest" time="4.741"/>
  <testcase classname="com.juaracoding.swaglabs.InventoryTest" name="addSingleProductToChartTest" time="1.547"/>
  <testcase classname="com.juaracoding.swaglabs.InventoryTest" name="addMultipleProdductToChartTest" time="1.654"/>
</testsuite> <!-- Basic Test -->
