<?xml version="1.0" encoding="UTF-8"?>
<!-- Generated by org.testng.reporters.JUnitXMLReporter -->
<testsuite ignored="4" hostname="MacBook-Pro-Fauzan.local" failures="0" tests="2" name="Basic Test" time="18.037" errors="0" timestamp="2025-11-18T20:45:18 WIB">
  <testcase classname="com.juaracoding.swaglabs.LoginTest" name="loginSuccessWithValidCredentialTest" time="7.421"/>
  <testcase classname="com.juaracoding.swaglabs.LoginTest" name="loginFailedWithInvalidUsernameTest" time="2.581"/>
  <testcase classname="com.juaracoding.swaglabs.LoginTest" name="loginFailedWithInvalidPasswordTest" time="0.0">
    <ignored/>
  </testcase> <!-- loginFailedWithInvalidPasswordTest -->
  <testcase classname="com.juaracoding.swaglabs.LoginTest" name="loginFailedWithEmptyPasswordTest" time="0.0">
    <ignored/>
  </testcase> <!-- loginFailedWithEmptyPasswordTest -->
  <testcase classname="com.juaracoding.swaglabs.LoginTest" name="loginFailedWithEmptyTest" time="0.0">
    <ignored/>
  </testcase> <!-- loginFailedWithEmptyTest -->
  <testcase classname="com.juaracoding.swaglabs.LoginTest" name="loginFailedWithEmptyUsernameTest" time="0.0">
    <ignored/>
  </testcase> <!-- loginFailedWithEmptyUsernameTest -->
</testsuite> <!-- Basic Test -->
