<?xml version="1.0" encoding="UTF-8"?>
<!-- Generated by org.testng.reporters.JUnitXMLReporter -->
<testsuite ignored="0" hostname="MacBook-Pro-Fauzan.local" failures="0" tests="5" name="Basic Test" time="35.286" errors="0" timestamp="2025-11-14T20:40:56 WIB">
  <testcase classname="com.juaracoding.swaglabs.LoginTest" name="loginSuccessWithValidCredentialTest" time="7.094"/>
  <testcase classname="com.juaracoding.swaglabs.LoginTest" name="loginFailedWithInvalidUsernameTest" time="7.115"/>
  <testcase classname="com.juaracoding.swaglabs.LoginTest" name="loginFailedWithInvalidPasswordTest" time="7.064"/>
  <testcase classname="com.juaracoding.swaglabs.LoginTest" name="loginFailedWithEmptyTest" time="6.938"/>
  <testcase classname="com.juaracoding.swaglabs.LoginTest" name="loginFailedWithEmptyUsernameTest" time="7.027"/>
</testsuite> <!-- Basic Test -->
