<html>
<head>
<title>TestNG:  Basic Test</title>
<link href="../testng.css" rel="stylesheet" type="text/css" />
<link href="../my-testng.css" rel="stylesheet" type="text/css" />

<style type="text/css">
.log { display: none;} 
.stack-trace { display: none;} 
</style>
<script type="text/javascript">
<!--
function flip(e) {
  current = e.style.display;
  if (current == 'block') {
    e.style.display = 'none';
    return 0;
  }
  else {
    e.style.display = 'block';
    return 1;
  }
}

function toggleBox(szDivId, elem, msg1, msg2)
{
  var res = -1;  if (document.getElementById) {
    res = flip(document.getElementById(szDivId));
  }
  else if (document.all) {
    // this is the way old msie versions work
    res = flip(document.all[szDivId]);
  }
  if(elem) {
    if(res == 0) elem.innerHTML = msg1; else elem.innerHTML = msg2;
  }

}

function toggleAllBoxes() {
  if (document.getElementsByTagName) {
    d = document.getElementsByTagName('div');
    for (i = 0; i < d.length; i++) {
      if (d[i].className == 'log') {
        flip(d[i]);
      }
    }
  }
}

// -->
</script>

</head>
<body>
<h2 align='center'>Basic Test</h2><table border='1' align="center">
<tr>
<td>Tests passed/Failed/Skipped:</td><td>11/1/0</td>
</tr><tr>
<td>Started on:</td><td>Fri Nov 21 20:04:49 WIB 2025</td>
</tr>
<tr><td>Total time:</td><td>55 seconds (55779 ms)</td>
</tr><tr>
<td>Included groups:</td><td></td>
</tr><tr>
<td>Excluded groups:</td><td></td>
</tr>
</table><p/>
<small><i>(Hover the method name to see the test class name)</i></small><p/>
<table width='100%' border='1' class='invocation-failed'>
<tr><td colspan='4' align='center'><b>FAILED TESTS</b></td></tr>
<tr><td><b>Test method</b></td>
<td><b>Attribute(s)</b></td>
<td width="30%"><b>Exception</b></td>
<td width="10%"><b>Time (seconds)</b></td>
<td><b>Instance</b></td>
</tr>
<tr>
<td title='com.juaracoding.swaglabs.InventoryTest.resetApplicationSateAfterProductAddTest()'><b>resetApplicationSateAfterProductAddTest</b><br>Test class: com.juaracoding.swaglabs.InventoryTest<br>Parameters: standard_user, secret_sauce<br/>
<a href="#Output-1315908533" onClick='toggleBox("Output-1315908533", this, "Show output", "Hide output");'>Show output</a>

<a href="#Output-1315908533" onClick="toggleAllBoxes();">Show all outputs</a>
<div class='log' id="Output-1315908533">
<div><img style='width: 30%' src='../screenshots/resetApplicationSateAfterProductAddTest_fail_2025-11-21_20-05-45.png' /></div><br/>
<div><a href='../screenshots/resetApplicationSateAfterProductAddTest_fail_2025-11-21_20-05-45.png' target='_blank'>resetApplicationSateAfterProductAddTest</a></div><br/>
</div>
</td>
<td><div><pre>org.openqa.selenium.ElementNotInteractableException: element not interactable
  (Session info: chrome=142.0.7444.176)
Build info: version: &apos;4.27.0&apos;, revision: &apos;d6e718d134&apos;
System info: os.name: &apos;Mac OS X&apos;, os.arch: &apos;x86_64&apos;, os.version: &apos;26.1&apos;, java.version: &apos;25&apos;
Driver info: org.openqa.selenium.chrome.ChromeDriver
Command: [d6622caccbf010c15ff82c9f250ce2fa, clickElement {id=f.2B6907F760092C6C105CC7ED64CC57E9.d.A62CE34FB6FC15CE3E5661A66A6F8808.e.23}]
Capabilities {acceptInsecureCerts: false, browserName: chrome, browserVersion: 142.0.7444.176, chrome: {chromedriverVersion: 142.0.7444.175 (302067f14a4..., userDataDir: /var/folders/5j/brbg8w1j4qv...}, fedcm:accounts: true, goog:chromeOptions: {debuggerAddress: localhost:53220}, goog:processID: 7212, networkConnectionEnabled: false, pageLoadStrategy: normal, platformName: mac, proxy: Proxy(), se:cdp: ws://localhost:53220/devtoo..., se:cdpVersion: 142.0.7444.176, setWindowRect: true, strictFileInteractability: false, timeouts: {implicit: 0, pageLoad: 300000, script: 30000}, unhandledPromptBehavior: dismiss and notify, webauthn:extension:credBlob: true, webauthn:extension:largeBlob: true, webauthn:extension:minPinLength: true, webauthn:extension:prf: true, webauthn:virtualAuthenticators: true}
Element: [[ChromeDriver: chrome on mac (d6622caccbf010c15ff82c9f250ce2fa)] -&gt; id: reset_sidebar_link]
Session ID: d6622caccbf010c15ff82c9f250ce2fa
	at org.openqa.selenium.remote.ErrorCodec.decode(ErrorCodec.java:167)
	at org.openqa.selenium.remote.codec.w3c.W3CHttpResponseCodec.decode(W3CHttpResponseCodec.java:138)
	at org.openqa.selenium.remote.codec.w3c.W3CHttpResponseCodec.decode(W3CHttpResponseCodec.java:50)
	at org.openqa.selenium.remote.HttpCommandExecutor.execute(HttpCommandExecutor.java:190)
	at org.openqa.selenium.remote.service.DriverCommandExecutor.invokeExecute(DriverCommandExecutor.java:216)
	at org.openqa.selenium.remote.service.DriverCommandExecutor.execute(DriverCommandExecutor.java:174)
	at org.openqa.selenium.remote.RemoteWebDriver.execute(RemoteWebDriver.java:545)
	at org.openqa.selenium.remote.RemoteWebElement.execute(RemoteWebElement.java:223)
	at org.openqa.selenium.remote.RemoteWebElement.click(RemoteWebElement.java:76)
	at com.juaracoding.swaglabs.components.NavbarComponent.clickResetSideBar(NavbarComponent.java:19)
	at com.juaracoding.swaglabs.InventoryTest.resetApplicationSateAfterProductAddTest(InventoryTest.java:133)
	at java.base/java.util.ArrayList.forEach(ArrayList.java:1604)
... Removed 32 stack frames</pre></div><a href='#' onClick='toggleBox("stack-trace1315908533", this, "Click to show all stack frames", "Click to hide stack frames")'>Click to show all stack frames</a>
<div class='stack-trace' id='stack-trace1315908533'><pre>org.openqa.selenium.ElementNotInteractableException: element not interactable
  (Session info: chrome=142.0.7444.176)
Build info: version: &apos;4.27.0&apos;, revision: &apos;d6e718d134&apos;
System info: os.name: &apos;Mac OS X&apos;, os.arch: &apos;x86_64&apos;, os.version: &apos;26.1&apos;, java.version: &apos;25&apos;
Driver info: org.openqa.selenium.chrome.ChromeDriver
Command: [d6622caccbf010c15ff82c9f250ce2fa, clickElement {id=f.2B6907F760092C6C105CC7ED64CC57E9.d.A62CE34FB6FC15CE3E5661A66A6F8808.e.23}]
Capabilities {acceptInsecureCerts: false, browserName: chrome, browserVersion: 142.0.7444.176, chrome: {chromedriverVersion: 142.0.7444.175 (302067f14a4..., userDataDir: /var/folders/5j/brbg8w1j4qv...}, fedcm:accounts: true, goog:chromeOptions: {debuggerAddress: localhost:53220}, goog:processID: 7212, networkConnectionEnabled: false, pageLoadStrategy: normal, platformName: mac, proxy: Proxy(), se:cdp: ws://localhost:53220/devtoo..., se:cdpVersion: 142.0.7444.176, setWindowRect: true, strictFileInteractability: false, timeouts: {implicit: 0, pageLoad: 300000, script: 30000}, unhandledPromptBehavior: dismiss and notify, webauthn:extension:credBlob: true, webauthn:extension:largeBlob: true, webauthn:extension:minPinLength: true, webauthn:extension:prf: true, webauthn:virtualAuthenticators: true}
Element: [[ChromeDriver: chrome on mac (d6622caccbf010c15ff82c9f250ce2fa)] -&gt; id: reset_sidebar_link]
Session ID: d6622caccbf010c15ff82c9f250ce2fa
	at java.base/jdk.internal.reflect.DirectConstructorHandleAccessor.newInstance(DirectConstructorHandleAccessor.java:62)
	at java.base/java.lang.reflect.Constructor.newInstanceWithCaller(Constructor.java:499)
	at java.base/java.lang.reflect.Constructor.newInstance(Constructor.java:483)
	at org.openqa.selenium.remote.ErrorCodec.decode(ErrorCodec.java:167)
	at org.openqa.selenium.remote.codec.w3c.W3CHttpResponseCodec.decode(W3CHttpResponseCodec.java:138)
	at org.openqa.selenium.remote.codec.w3c.W3CHttpResponseCodec.decode(W3CHttpResponseCodec.java:50)
	at org.openqa.selenium.remote.HttpCommandExecutor.execute(HttpCommandExecutor.java:190)
	at org.openqa.selenium.remote.service.DriverCommandExecutor.invokeExecute(DriverCommandExecutor.java:216)
	at org.openqa.selenium.remote.service.DriverCommandExecutor.execute(DriverCommandExecutor.java:174)
	at org.openqa.selenium.remote.RemoteWebDriver.execute(RemoteWebDriver.java:545)
	at org.openqa.selenium.remote.RemoteWebElement.execute(RemoteWebElement.java:223)
	at org.openqa.selenium.remote.RemoteWebElement.click(RemoteWebElement.java:76)
	at com.juaracoding.swaglabs.components.NavbarComponent.clickResetSideBar(NavbarComponent.java:19)
	at com.juaracoding.swaglabs.InventoryTest.resetApplicationSateAfterProductAddTest(InventoryTest.java:133)
	at java.base/jdk.internal.reflect.DirectMethodHandleAccessor.invoke(DirectMethodHandleAccessor.java:104)
	at java.base/java.lang.reflect.Method.invoke(Method.java:565)
	at org.testng.internal.invokers.MethodInvocationHelper.invokeMethod(MethodInvocationHelper.java:141)
	at org.testng.internal.invokers.TestInvoker.invokeMethod(TestInvoker.java:686)
	at org.testng.internal.invokers.TestInvoker.invokeTestMethod(TestInvoker.java:230)
	at org.testng.internal.invokers.MethodRunner.runInSequence(MethodRunner.java:63)
	at org.testng.internal.invokers.TestInvoker$MethodInvocationAgent.invoke(TestInvoker.java:992)
	at org.testng.internal.invokers.TestInvoker.invokeTestMethods(TestInvoker.java:203)
	at org.testng.internal.invokers.TestMethodWorker.invokeTestMethods(TestMethodWorker.java:154)
	at org.testng.internal.invokers.TestMethodWorker.run(TestMethodWorker.java:134)
	at java.base/java.util.ArrayList.forEach(ArrayList.java:1604)
	at org.testng.TestRunner.privateRun(TestRunner.java:739)
	at org.testng.TestRunner.run(TestRunner.java:614)
	at org.testng.SuiteRunner.runTest(SuiteRunner.java:421)
	at org.testng.SuiteRunner.runSequentially(SuiteRunner.java:413)
	at org.testng.SuiteRunner.privateRun(SuiteRunner.java:373)
	at org.testng.SuiteRunner.run(SuiteRunner.java:312)
	at org.testng.SuiteRunnerWorker.runSuite(SuiteRunnerWorker.java:52)
	at org.testng.SuiteRunnerWorker.run(SuiteRunnerWorker.java:95)
	at org.testng.TestNG.runSuitesSequentially(TestNG.java:1274)
	at org.testng.TestNG.runSuitesLocally(TestNG.java:1208)
	at org.testng.TestNG.runSuites(TestNG.java:1112)
	at org.testng.TestNG.run(TestNG.java:1079)
	at org.apache.maven.surefire.testng.TestNGExecutor.run(TestNGExecutor.java:308)
	at org.apache.maven.surefire.testng.TestNGXmlTestSuite.execute(TestNGXmlTestSuite.java:71)
	at org.apache.maven.surefire.testng.TestNGProvider.invoke(TestNGProvider.java:113)
	at org.apache.maven.surefire.booter.ForkedBooter.runSuitesInProcess(ForkedBooter.java:385)
	at org.apache.maven.surefire.booter.ForkedBooter.execute(ForkedBooter.java:162)
	at org.apache.maven.surefire.booter.ForkedBooter.run(ForkedBooter.java:507)
	at org.apache.maven.surefire.booter.ForkedBooter.main(ForkedBooter.java:495)
</pre></div></td>
<td>0</td>
<td>com.juaracoding.swaglabs.InventoryTest@2bbf180e</td></tr>
</table><p>
<table width='100%' border='1' class='invocation-passed'>
<tr><td colspan='4' align='center'><b>PASSED TESTS</b></td></tr>
<tr><td><b>Test method</b></td>
<td><b>Attribute(s)</b></td>
<td width="30%"><b>Exception</b></td>
<td width="10%"><b>Time (seconds)</b></td>
<td><b>Instance</b></td>
</tr>
<tr>
<td title='com.juaracoding.swaglabs.LoginTest.loginSuccessWithValidCredentialTest()'><b>loginSuccessWithValidCredentialTest</b><br>Test class: com.juaracoding.swaglabs.LoginTest<br>Parameters: standard_user, secret_sauce<br/>
<a href="#Output-962287291" onClick='toggleBox("Output-962287291", this, "Show output", "Hide output");'>Show output</a>

<a href="#Output-962287291" onClick="toggleAllBoxes();">Show all outputs</a>
<div class='log' id="Output-962287291">
<div><img style='width: 30%' src='../screenshots/loginSuccessWithValidCredentialTest_success_2025-11-21_20-04-54.png' /></div><br/>
<div><a href='../screenshots/loginSuccessWithValidCredentialTest_success_2025-11-21_20-04-54.png' target='_blank'>loginSuccessWithValidCredentialTest</a></div><br/>
</div>
</td>
<td></td>
<td>0</td>
<td>com.juaracoding.swaglabs.LoginTest@38c5cc4c</td></tr>
<tr>
<td title='com.juaracoding.swaglabs.InventoryTest.addMultipleProductToCartTest()'><b>addMultipleProductToCartTest</b><br>Test class: com.juaracoding.swaglabs.InventoryTest<br>Parameters: standard_user, secret_sauce<br/>
<a href="#Output-2032399795" onClick='toggleBox("Output-2032399795", this, "Show output", "Hide output");'>Show output</a>

<a href="#Output-2032399795" onClick="toggleAllBoxes();">Show all outputs</a>
<div class='log' id="Output-2032399795">
<div><img style='width: 30%' src='../screenshots/addMultipleProductToCartTest_success_2025-11-21_20-05-27.png' /></div><br/>
<div><a href='../screenshots/addMultipleProductToCartTest_success_2025-11-21_20-05-27.png' target='_blank'>addMultipleProductToCartTest</a></div><br/>
</div>
</td>
<td></td>
<td>0</td>
<td>com.juaracoding.swaglabs.InventoryTest@2bbf180e</td></tr>
<tr>
<td title='com.juaracoding.swaglabs.LoginTest.loginFailedWithEmptyPasswordTest()'><b>loginFailedWithEmptyPasswordTest</b><br>Test class: com.juaracoding.swaglabs.LoginTest<br>Parameters: standard_user, <br/>
<a href="#Output-809860628" onClick='toggleBox("Output-809860628", this, "Show output", "Hide output");'>Show output</a>

<a href="#Output-809860628" onClick="toggleAllBoxes();">Show all outputs</a>
<div class='log' id="Output-809860628">
<div><img style='width: 30%' src='../screenshots/loginFailedWithEmptyPasswordTest_success_2025-11-21_20-05-18.png' /></div><br/>
<div><a href='../screenshots/loginFailedWithEmptyPasswordTest_success_2025-11-21_20-05-18.png' target='_blank'>loginFailedWithEmptyPasswordTest</a></div><br/>
</div>
</td>
<td></td>
<td>0</td>
<td>com.juaracoding.swaglabs.LoginTest@38c5cc4c</td></tr>
<tr>
<td title='com.juaracoding.swaglabs.LoginTest.loginFailedWithEmptyUsernameTest()'><b>loginFailedWithEmptyUsernameTest</b><br>Test class: com.juaracoding.swaglabs.LoginTest<br>Parameters: , secret_sauce<br/>
<a href="#Output-1710783020" onClick='toggleBox("Output-1710783020", this, "Show output", "Hide output");'>Show output</a>

<a href="#Output-1710783020" onClick="toggleAllBoxes();">Show all outputs</a>
<div class='log' id="Output-1710783020">
<div><img style='width: 30%' src='../screenshots/loginFailedWithEmptyUsernameTest_success_2025-11-21_20-05-14.png' /></div><br/>
<div><a href='../screenshots/loginFailedWithEmptyUsernameTest_success_2025-11-21_20-05-14.png' target='_blank'>loginFailedWithEmptyUsernameTest</a></div><br/>
</div>
</td>
<td></td>
<td>0</td>
<td>com.juaracoding.swaglabs.LoginTest@38c5cc4c</td></tr>
<tr>
<td title='com.juaracoding.swaglabs.InventoryTest.addSingleProductToCartTest()'><b>addSingleProductToCartTest</b><br>Test class: com.juaracoding.swaglabs.InventoryTest<br>Parameters: standard_user, secret_sauce<br/>
<a href="#Output-817490653" onClick='toggleBox("Output-817490653", this, "Show output", "Hide output");'>Show output</a>

<a href="#Output-817490653" onClick="toggleAllBoxes();">Show all outputs</a>
<div class='log' id="Output-817490653">
<div><img style='width: 30%' src='../screenshots/addSingleProductToCartTest_success_2025-11-21_20-05-23.png' /></div><br/>
<div><a href='../screenshots/addSingleProductToCartTest_success_2025-11-21_20-05-23.png' target='_blank'>addSingleProductToCartTest</a></div><br/>
</div>
</td>
<td></td>
<td>0</td>
<td>com.juaracoding.swaglabs.InventoryTest@2bbf180e</td></tr>
<tr>
<td title='com.juaracoding.swaglabs.LoginTest.loginFailedWithInvalidUsernameTest()'><b>loginFailedWithInvalidUsernameTest</b><br>Test class: com.juaracoding.swaglabs.LoginTest<br>Parameters: invalid_user, secret_sauce<br/>
<a href="#Output-1057307776" onClick='toggleBox("Output-1057307776", this, "Show output", "Hide output");'>Show output</a>

<a href="#Output-1057307776" onClick="toggleAllBoxes();">Show all outputs</a>
<div class='log' id="Output-1057307776">
<div><img style='width: 30%' src='../screenshots/loginFailedWithInvalidUsernameTest_success_2025-11-21_20-04-58.png' /></div><br/>
<div><a href='../screenshots/loginFailedWithInvalidUsernameTest_success_2025-11-21_20-04-58.png' target='_blank'>loginFailedWithInvalidUsernameTest</a></div><br/>
</div>
</td>
<td></td>
<td>0</td>
<td>com.juaracoding.swaglabs.LoginTest@38c5cc4c</td></tr>
<tr>
<td title='com.juaracoding.swaglabs.LoginTest.loginFailedWithInvalidPasswordTest()'><b>loginFailedWithInvalidPasswordTest</b><br>Test class: com.juaracoding.swaglabs.LoginTest<br>Parameters: standard_user, invalid_user<br/>
<a href="#Output-917568725" onClick='toggleBox("Output-917568725", this, "Show output", "Hide output");'>Show output</a>

<a href="#Output-917568725" onClick="toggleAllBoxes();">Show all outputs</a>
<div class='log' id="Output-917568725">
<div><img style='width: 30%' src='../screenshots/loginFailedWithInvalidPasswordTest_success_2025-11-21_20-05-02.png' /></div><br/>
<div><a href='../screenshots/loginFailedWithInvalidPasswordTest_success_2025-11-21_20-05-02.png' target='_blank'>loginFailedWithInvalidPasswordTest</a></div><br/>
</div>
</td>
<td></td>
<td>0</td>
<td>com.juaracoding.swaglabs.LoginTest@38c5cc4c</td></tr>
<tr>
<td title='com.juaracoding.swaglabs.LoginTest.loginFailedWithEmptyTest()'><b>loginFailedWithEmptyTest</b><br>Test class: com.juaracoding.swaglabs.LoginTest<br>Parameters: , <br/>
<a href="#Output-82825098" onClick='toggleBox("Output-82825098", this, "Show output", "Hide output");'>Show output</a>

<a href="#Output-82825098" onClick="toggleAllBoxes();">Show all outputs</a>
<div class='log' id="Output-82825098">
<div><img style='width: 30%' src='../screenshots/loginFailedWithEmptyTest_success_2025-11-21_20-05-10.png' /></div><br/>
<div><a href='../screenshots/loginFailedWithEmptyTest_success_2025-11-21_20-05-10.png' target='_blank'>loginFailedWithEmptyTest</a></div><br/>
</div>
</td>
<td></td>
<td>0</td>
<td>com.juaracoding.swaglabs.LoginTest@38c5cc4c</td></tr>
<tr>
<td title='com.juaracoding.swaglabs.InventoryTest.deleteProductFromInventariesPageTest()'><b>deleteProductFromInventariesPageTest</b><br>Test class: com.juaracoding.swaglabs.InventoryTest<br>Parameters: standard_user, secret_sauce<br/>
<a href="#Output-1007664442" onClick='toggleBox("Output-1007664442", this, "Show output", "Hide output");'>Show output</a>

<a href="#Output-1007664442" onClick="toggleAllBoxes();">Show all outputs</a>
<div class='log' id="Output-1007664442">
<div><img style='width: 30%' src='../screenshots/deleteProductFromInventariesPageTest_success_2025-11-21_20-05-32.png' /></div><br/>
<div><a href='../screenshots/deleteProductFromInventariesPageTest_success_2025-11-21_20-05-32.png' target='_blank'>deleteProductFromInventariesPageTest</a></div><br/>
</div>
</td>
<td></td>
<td>0</td>
<td>com.juaracoding.swaglabs.InventoryTest@2bbf180e</td></tr>
<tr>
<td title='com.juaracoding.swaglabs.InventoryTest.orderLowToHighBasePriceTest()'><b>orderLowToHighBasePriceTest</b><br>Test class: com.juaracoding.swaglabs.InventoryTest<br>Parameters: standard_user, secret_sauce<br/>
<a href="#Output-2139501486" onClick='toggleBox("Output-2139501486", this, "Show output", "Hide output");'>Show output</a>

<a href="#Output-2139501486" onClick="toggleAllBoxes();">Show all outputs</a>
<div class='log' id="Output-2139501486">
<div><img style='width: 30%' src='../screenshots/orderLowToHighBasePriceTest_success_2025-11-21_20-05-36.png' /></div><br/>
<div><a href='../screenshots/orderLowToHighBasePriceTest_success_2025-11-21_20-05-36.png' target='_blank'>orderLowToHighBasePriceTest</a></div><br/>
</div>
</td>
<td></td>
<td>1</td>
<td>com.juaracoding.swaglabs.InventoryTest@2bbf180e</td></tr>
<tr>
<td title='com.juaracoding.swaglabs.InventoryTest.forbidenAccessToInventoryPageWithoutLoginTest()'><b>forbidenAccessToInventoryPageWithoutLoginTest</b><br>Test class: com.juaracoding.swaglabs.InventoryTest<br/>
<a href="#Output-1810349933" onClick='toggleBox("Output-1810349933", this, "Show output", "Hide output");'>Show output</a>

<a href="#Output-1810349933" onClick="toggleAllBoxes();">Show all outputs</a>
<div class='log' id="Output-1810349933">
<div><img style='width: 30%' src='../screenshots/forbidenAccessToInventoryPageWithoutLoginTest_success_2025-11-21_20-05-40.png' /></div><br/>
<div><a href='../screenshots/forbidenAccessToInventoryPageWithoutLoginTest_success_2025-11-21_20-05-40.png' target='_blank'>forbidenAccessToInventoryPageWithoutLoginTest</a></div><br/>
</div>
</td>
<td></td>
<td>0</td>
<td>com.juaracoding.swaglabs.InventoryTest@2bbf180e</td></tr>
</table><p>
</body>
</html>