<?xml version="1.0" encoding="UTF-8"?>
<!-- Generated by org.testng.reporters.JUnitXMLReporter -->
<testsuite ignored="0" hostname="MacBook-Pro-Fauzan.local" failures="0" tests="10" name="Basic Test" time="58.299" errors="0" timestamp="2025-11-19T20:55:35 WIB">
  <testcase classname="com.juaracoding.swaglabs.LoginTest" name="loginSuccessWithValidCredentialTest" time="1.032"/>
  <testcase classname="com.juaracoding.swaglabs.LoginTest" name="loginFailedWithInvalidUsernameTest" time="0.646"/>
  <testcase classname="com.juaracoding.swaglabs.LoginTest" name="loginFailedWithInvalidPasswordTest" time="0.658"/>
  <testcase classname="com.juaracoding.swaglabs.LoginTest" name="loginFailedWithEmptyTest" time="1.077"/>
  <testcase classname="com.juaracoding.swaglabs.LoginTest" name="loginFailedWithEmptyUsernameTest" time="4.459"/>
  <testcase classname="com.juaracoding.swaglabs.LoginTest" name="loginFailedWithEmptyPasswordTest" time="4.457"/>
  <testcase classname="com.juaracoding.swaglabs.InventoryTest" name="addSingleProductToCartTest" time="0.789"/>
  <testcase classname="com.juaracoding.swaglabs.InventoryTest" name="addMultipleProductToCartTest" time="0.88"/>
  <testcase classname="com.juaracoding.swaglabs.InventoryTest" name="deleteProductFromInventariesPageTest" time="1.215"/>
  <testcase classname="com.juaracoding.swaglabs.InventoryTest" name="orderLowToHighBasePriceTest" time="1.221"/>
</testsuite> <!-- Basic Test -->
