<?xml version="1.0" encoding="UTF-8"?>
<testsuite xmlns:xsi="http://www.w3.org/2001/XMLSchema-instance" xsi:noNamespaceSchemaLocation="https://maven.apache.org/surefire/maven-surefire-plugin/xsd/surefire-test-report-3.0.xsd" version="3.0" name="TestSuite" time="76.869" tests="12" errors="0" skipped="0" failures="1">
  <properties>
[...]
</properties>
  <testcase name="loginSuccessWithValidCredentialTest[standard_user, secret_sauce](1)" classname="com.juaracoding.swaglabs.LoginTest" time="0.638">
    <system-err><![CDATA[Nov 20, 2025 8:05:48 PM org.openqa.selenium.devtools.CdpVersionFinder findNearestMatch
WARNING: Unable to find CDP implementation matching 142
Nov 20, 2025 8:05:49 PM org.openqa.selenium.chromium.ChromiumDriver lambda$new$5
WARNING: Unable to find version of CDP to use for 142.0.7444.176. You may need to include a dependency on a specific version of the CDP using something similar to `org.seleniumhq.selenium:selenium-devtools-v86:4.27.0` where the version ("v86") matches the version of the chromium-based browser you're using and the version number of the artifact is the same as Selenium's.
]]></system-err>
  </testcase>
  <testcase name="loginFailedWithInvalidUsernameTest[invalid_user, secret_sauce](1)" classname="com.juaracoding.swaglabs.LoginTest" time="0.618">
    <system-out><![CDATA[Screenshot saved to: /Users/fauzanfr/mpir/JuaraCoding/SQABatch25/swaglabs-test/target/screenshots/loginSuccessWithValidCredentialTest_success_2025-11-20_20-05-50.png
]]></system-out>
    <system-err><![CDATA[Nov 20, 2025 8:05:53 PM org.openqa.selenium.devtools.CdpVersionFinder findNearestMatch
WARNING: Unable to find CDP implementation matching 142
Nov 20, 2025 8:05:53 PM org.openqa.selenium.chromium.ChromiumDriver lambda$new$5
WARNING: Unable to find version of CDP to use for 142.0.7444.176. You may need to include a dependency on a specific version of the CDP using something similar to `org.seleniumhq.selenium:selenium-devtools-v86:4.27.0` where the version ("v86") matches the version of the chromium-based browser you're using and the version number of the artifact is the same as Selenium's.
]]></system-err>
  </testcase>
  <testcase name="loginFailedWithInvalidPasswordTest[standard_user, invalid_user](1)" classname="com.juaracoding.swaglabs.LoginTest" time="0.988">
    <system-out><![CDATA[Screenshot saved to: /Users/fauzanfr/mpir/JuaraCoding/SQABatch25/swaglabs-test/target/screenshots/loginFailedWithInvalidUsernameTest_success_2025-11-20_20-05-55.png
]]></system-out>
    <system-err><![CDATA[Nov 20, 2025 8:05:57 PM org.openqa.selenium.devtools.CdpVersionFinder findNearestMatch
WARNING: Unable to find CDP implementation matching 142
Nov 20, 2025 8:05:57 PM org.openqa.selenium.chromium.ChromiumDriver lambda$new$5
WARNING: Unable to find version of CDP to use for 142.0.7444.176. You may need to include a dependency on a specific version of the CDP using something similar to `org.seleniumhq.selenium:selenium-devtools-v86:4.27.0` where the version ("v86") matches the version of the chromium-based browser you're using and the version number of the artifact is the same as Selenium's.
]]></system-err>
  </testcase>
  <testcase name="loginFailedWithEmptyTest[, ](1)" classname="com.juaracoding.swaglabs.LoginTest" time="0.495">
    <system-out><![CDATA[Screenshot saved to: /Users/fauzanfr/mpir/JuaraCoding/SQABatch25/swaglabs-test/target/screenshots/loginFailedWithInvalidPasswordTest_success_2025-11-20_20-05-59.png
]]></system-out>
    <system-err><![CDATA[Nov 20, 2025 8:06:01 PM org.openqa.selenium.devtools.CdpVersionFinder findNearestMatch
WARNING: Unable to find CDP implementation matching 142
Nov 20, 2025 8:06:01 PM org.openqa.selenium.chromium.ChromiumDriver lambda$new$5
WARNING: Unable to find version of CDP to use for 142.0.7444.176. You may need to include a dependency on a specific version of the CDP using something similar to `org.seleniumhq.selenium:selenium-devtools-v86:4.27.0` where the version ("v86") matches the version of the chromium-based browser you're using and the version number of the artifact is the same as Selenium's.
]]></system-err>
  </testcase>
  <testcase name="loginFailedWithEmptyUsernameTest[, secret_sauce](1)" classname="com.juaracoding.swaglabs.LoginTest" time="0.578">
    <system-out><![CDATA[Screenshot saved to: /Users/fauzanfr/mpir/JuaraCoding/SQABatch25/swaglabs-test/target/screenshots/loginFailedWithEmptyTest_success_2025-11-20_20-06-03.png
]]></system-out>
    <system-err><![CDATA[Nov 20, 2025 8:06:06 PM org.openqa.selenium.devtools.CdpVersionFinder findNearestMatch
WARNING: Unable to find CDP implementation matching 142
Nov 20, 2025 8:06:06 PM org.openqa.selenium.chromium.ChromiumDriver lambda$new$5
WARNING: Unable to find version of CDP to use for 142.0.7444.176. You may need to include a dependency on a specific version of the CDP using something similar to `org.seleniumhq.selenium:selenium-devtools-v86:4.27.0` where the version ("v86") matches the version of the chromium-based browser you're using and the version number of the artifact is the same as Selenium's.
]]></system-err>
  </testcase>
  <testcase name="loginFailedWithEmptyPasswordTest[standard_user, ](1)" classname="com.juaracoding.swaglabs.LoginTest" time="0.619">
    <system-out><![CDATA[Screenshot saved to: /Users/fauzanfr/mpir/JuaraCoding/SQABatch25/swaglabs-test/target/screenshots/loginFailedWithEmptyUsernameTest_success_2025-11-20_20-06-07.png
]]></system-out>
    <system-err><![CDATA[Nov 20, 2025 8:06:10 PM org.openqa.selenium.devtools.CdpVersionFinder findNearestMatch
WARNING: Unable to find CDP implementation matching 142
Nov 20, 2025 8:06:10 PM org.openqa.selenium.chromium.ChromiumDriver lambda$new$5
WARNING: Unable to find version of CDP to use for 142.0.7444.176. You may need to include a dependency on a specific version of the CDP using something similar to `org.seleniumhq.selenium:selenium-devtools-v86:4.27.0` where the version ("v86") matches the version of the chromium-based browser you're using and the version number of the artifact is the same as Selenium's.
]]></system-err>
  </testcase>
  <testcase name="addSingleProductToCartTest[standard_user, secret_sauce](1)" classname="com.juaracoding.swaglabs.InventoryTest" time="1.484">
    <system-out><![CDATA[Screenshot saved to: /Users/fauzanfr/mpir/JuaraCoding/SQABatch25/swaglabs-test/target/screenshots/loginFailedWithEmptyPasswordTest_success_2025-11-20_20-06-11.png
]]></system-out>
    <system-err><![CDATA[Nov 20, 2025 8:06:14 PM org.openqa.selenium.devtools.CdpVersionFinder findNearestMatch
WARNING: Unable to find CDP implementation matching 142
Nov 20, 2025 8:06:14 PM org.openqa.selenium.chromium.ChromiumDriver lambda$new$5
WARNING: Unable to find version of CDP to use for 142.0.7444.176. You may need to include a dependency on a specific version of the CDP using something similar to `org.seleniumhq.selenium:selenium-devtools-v86:4.27.0` where the version ("v86") matches the version of the chromium-based browser you're using and the version number of the artifact is the same as Selenium's.
]]></system-err>
  </testcase>
  <testcase name="addMultipleProductToCartTest[standard_user, secret_sauce](1)" classname="com.juaracoding.swaglabs.InventoryTest" time="2.015">
    <system-out><![CDATA[Screenshot saved to: /Users/fauzanfr/mpir/JuaraCoding/SQABatch25/swaglabs-test/target/screenshots/addSingleProductToCartTest_success_2025-11-20_20-06-17.png
]]></system-out>
    <system-err><![CDATA[Nov 20, 2025 8:06:22 PM org.openqa.selenium.devtools.CdpVersionFinder findNearestMatch
WARNING: Unable to find CDP implementation matching 142
Nov 20, 2025 8:06:22 PM org.openqa.selenium.chromium.ChromiumDriver lambda$new$5
WARNING: Unable to find version of CDP to use for 142.0.7444.176. You may need to include a dependency on a specific version of the CDP using something similar to `org.seleniumhq.selenium:selenium-devtools-v86:4.27.0` where the version ("v86") matches the version of the chromium-based browser you're using and the version number of the artifact is the same as Selenium's.
]]></system-err>
  </testcase>
  <testcase name="deleteProductFromInventariesPageTest[standard_user, secret_sauce](1)" classname="com.juaracoding.swaglabs.InventoryTest" time="1.055">
    <system-out><![CDATA[Screenshot saved to: /Users/fauzanfr/mpir/JuaraCoding/SQABatch25/swaglabs-test/target/screenshots/addMultipleProductToCartTest_success_2025-11-20_20-06-25.png
]]></system-out>
    <system-err><![CDATA[Nov 20, 2025 8:06:28 PM org.openqa.selenium.devtools.CdpVersionFinder findNearestMatch
WARNING: Unable to find CDP implementation matching 142
Nov 20, 2025 8:06:28 PM org.openqa.selenium.chromium.ChromiumDriver lambda$new$5
WARNING: Unable to find version of CDP to use for 142.0.7444.176. You may need to include a dependency on a specific version of the CDP using something similar to `org.seleniumhq.selenium:selenium-devtools-v86:4.27.0` where the version ("v86") matches the version of the chromium-based browser you're using and the version number of the artifact is the same as Selenium's.
]]></system-err>
  </testcase>
  <testcase name="orderLowToHighBasePriceTest[standard_user, secret_sauce](1)" classname="com.juaracoding.swaglabs.InventoryTest" time="0.893">
    <system-out><![CDATA[Screenshot saved to: /Users/fauzanfr/mpir/JuaraCoding/SQABatch25/swaglabs-test/target/screenshots/deleteProductFromInventariesPageTest_success_2025-11-20_20-06-31.png
]]></system-out>
    <system-err><![CDATA[Nov 20, 2025 8:06:34 PM org.openqa.selenium.devtools.CdpVersionFinder findNearestMatch
WARNING: Unable to find CDP implementation matching 142
Nov 20, 2025 8:06:34 PM org.openqa.selenium.chromium.ChromiumDriver lambda$new$5
WARNING: Unable to find version of CDP to use for 142.0.7444.176. You may need to include a dependency on a specific version of the CDP using something similar to `org.seleniumhq.selenium:selenium-devtools-v86:4.27.0` where the version ("v86") matches the version of the chromium-based browser you're using and the version number of the artifact is the same as Selenium's.
]]></system-err>
  </testcase>
  <testcase name="forbidenAccessToInventoryPageWithoutLoginTest" classname="com.juaracoding.swaglabs.InventoryTest" time="0.204">
    <system-out><![CDATA[Screenshot saved to: /Users/fauzanfr/mpir/JuaraCoding/SQABatch25/swaglabs-test/target/screenshots/orderLowToHighBasePriceTest_success_2025-11-20_20-06-36.png
]]></system-out>
    <system-err><![CDATA[Nov 20, 2025 8:06:39 PM org.openqa.selenium.devtools.CdpVersionFinder findNearestMatch
WARNING: Unable to find CDP implementation matching 142
Nov 20, 2025 8:06:39 PM org.openqa.selenium.chromium.ChromiumDriver lambda$new$5
WARNING: Unable to find version of CDP to use for 142.0.7444.176. You may need to include a dependency on a specific version of the CDP using something similar to `org.seleniumhq.selenium:selenium-devtools-v86:4.27.0` where the version ("v86") matches the version of the chromium-based browser you're using and the version number of the artifact is the same as Selenium's.
]]></system-err>
  </testcase>
  <testcase name="resetApplicationSateAfterProductAddTest[standard_user, secret_sauce](1)" classname="com.juaracoding.swaglabs.InventoryTest" time="0.91">
    <failure message="element not interactable&#10;  (Session info: chrome=142.0.7444.176)&#10;Build info: version: &apos;4.27.0&apos;, revision: &apos;d6e718d134&apos;&#10;System info: os.name: &apos;Mac OS X&apos;, os.arch: &apos;x86_64&apos;, os.version: &apos;26.1&apos;, java.version: &apos;25&apos;&#10;Driver info: org.openqa.selenium.chrome.ChromeDriver&#10;Command: [ad4e2cb829ca3f536ffb59ce7b84da32, clickElement {id=f.97B612A2B9F2D673CAD39897BDC07779.d.2A4684F9909EDE117C2F8E77D08D4818.e.23}]&#10;Capabilities {acceptInsecureCerts: false, browserName: chrome, browserVersion: 142.0.7444.176, chrome: {chromedriverVersion: 142.0.7444.175 (302067f14a4..., userDataDir: /var/folders/5j/brbg8w1j4qv...}, fedcm:accounts: true, goog:chromeOptions: {debuggerAddress: localhost:55712}, goog:processID: 16679, networkConnectionEnabled: false, pageLoadStrategy: normal, platformName: mac, proxy: Proxy(), se:cdp: ws://localhost:55712/devtoo..., se:cdpVersion: 142.0.7444.176, setWindowRect: true, strictFileInteractability: false, timeouts: {implicit: 0, pageLoad: 300000, script: 30000}, unhandledPromptBehavior: dismiss and notify, webauthn:extension:credBlob: true, webauthn:extension:largeBlob: true, webauthn:extension:minPinLength: true, webauthn:extension:prf: true, webauthn:virtualAuthenticators: true}&#10;Element: [[ChromeDriver: chrome on mac (ad4e2cb829ca3f536ffb59ce7b84da32)] -&gt; id: reset_sidebar_link]&#10;Session ID: ad4e2cb829ca3f536ffb59ce7b84da32" type="org.openqa.selenium.ElementNotInteractableException"><![CDATA[org.openqa.selenium.ElementNotInteractableException: 
element not interactable
  (Session info: chrome=142.0.7444.176)
Build info: version: '4.27.0', revision: 'd6e718d134'
System info: os.name: 'Mac OS X', os.arch: 'x86_64', os.version: '26.1', java.version: '25'
Driver info: org.openqa.selenium.chrome.ChromeDriver
Command: [ad4e2cb829ca3f536ffb59ce7b84da32, clickElement {id=f.97B612A2B9F2D673CAD39897BDC07779.d.2A4684F9909EDE117C2F8E77D08D4818.e.23}]
Capabilities {acceptInsecureCerts: false, browserName: chrome, browserVersion: 142.0.7444.176, chrome: {chromedriverVersion: 142.0.7444.175 (302067f14a4..., userDataDir: /var/folders/5j/brbg8w1j4qv...}, fedcm:accounts: true, goog:chromeOptions: {debuggerAddress: localhost:55712}, goog:processID: 16679, networkConnectionEnabled: false, pageLoadStrategy: normal, platformName: mac, proxy: Proxy(), se:cdp: ws://localhost:55712/devtoo..., se:cdpVersion: 142.0.7444.176, setWindowRect: true, strictFileInteractability: false, timeouts: {implicit: 0, pageLoad: 300000, script: 30000}, unhandledPromptBehavior: dismiss and notify, webauthn:extension:credBlob: true, webauthn:extension:largeBlob: true, webauthn:extension:minPinLength: true, webauthn:extension:prf: true, webauthn:virtualAuthenticators: true}
Element: [[ChromeDriver: chrome on mac (ad4e2cb829ca3f536ffb59ce7b84da32)] -> id: reset_sidebar_link]
Session ID: ad4e2cb829ca3f536ffb59ce7b84da32
	at java.base/jdk.internal.reflect.DirectConstructorHandleAccessor.newInstance(DirectConstructorHandleAccessor.java:62)
	at java.base/java.lang.reflect.Constructor.newInstanceWithCaller(Constructor.java:499)
	at java.base/java.lang.reflect.Constructor.newInstance(Constructor.java:483)
	at org.openqa.selenium.remote.ErrorCodec.decode(ErrorCodec.java:167)
	at org.openqa.selenium.remote.codec.w3c.W3CHttpResponseCodec.decode(W3CHttpResponseCodec.java:138)
	at org.openqa.selenium.remote.codec.w3c.W3CHttpResponseCodec.decode(W3CHttpResponseCodec.java:50)
	at org.openqa.selenium.remote.HttpCommandExecutor.execute(HttpCommandExecutor.java:190)
	at org.openqa.selenium.remote.service.DriverCommandExecutor.invokeExecute(DriverCommandExecutor.java:216)
	at org.openqa.selenium.remote.service.DriverCommandExecutor.execute(DriverCommandExecutor.java:174)
	at org.openqa.selenium.remote.RemoteWebDriver.execute(RemoteWebDriver.java:545)
	at org.openqa.selenium.remote.RemoteWebElement.execute(RemoteWebElement.java:223)
	at org.openqa.selenium.remote.RemoteWebElement.click(RemoteWebElement.java:76)
	at com.juaracoding.swaglabs.components.NavbarComponent.clickResetSideBar(NavbarComponent.java:19)
	at com.juaracoding.swaglabs.InventoryTest.resetApplicationSateAfterProductAddTest(InventoryTest.java:133)
	at java.base/jdk.internal.reflect.DirectMethodHandleAccessor.invoke(DirectMethodHandleAccessor.java:104)
	at java.base/java.lang.reflect.Method.invoke(Method.java:565)
	at org.testng.internal.invokers.MethodInvocationHelper.invokeMethod(MethodInvocationHelper.java:141)
	at org.testng.internal.invokers.TestInvoker.invokeMethod(TestInvoker.java:686)
	at org.testng.internal.invokers.TestInvoker.invokeTestMethod(TestInvoker.java:230)
	at org.testng.internal.invokers.MethodRunner.runInSequence(MethodRunner.java:63)
	at org.testng.internal.invokers.TestInvoker$MethodInvocationAgent.invoke(TestInvoker.java:992)
	at org.testng.internal.invokers.TestInvoker.invokeTestMethods(TestInvoker.java:203)
	at org.testng.internal.invokers.TestMethodWorker.invokeTestMethods(TestMethodWorker.java:154)
	at org.testng.internal.invokers.TestMethodWorker.run(TestMethodWorker.java:134)
	at java.base/java.util.ArrayList.forEach(ArrayList.java:1604)
	at org.testng.TestRunner.privateRun(TestRunner.java:739)
	at org.testng.TestRunner.run(TestRunner.java:614)
	at org.testng.SuiteRunner.runTest(SuiteRunner.java:421)
	at org.testng.SuiteRunner.runSequentially(SuiteRunner.java:413)
	at org.testng.SuiteRunner.privateRun(SuiteRunner.java:373)
	at org.testng.SuiteRunner.run(SuiteRunner.java:312)
	at org.testng.SuiteRunnerWorker.runSuite(SuiteRunnerWorker.java:52)
	at org.testng.SuiteRunnerWorker.run(SuiteRunnerWorker.java:95)
	at org.testng.TestNG.runSuitesSequentially(TestNG.java:1274)
	at org.testng.TestNG.runSuitesLocally(TestNG.java:1208)
	at org.testng.TestNG.runSuites(TestNG.java:1112)
	at org.testng.TestNG.run(TestNG.java:1079)
	at org.apache.maven.surefire.testng.TestNGExecutor.run(TestNGExecutor.java:308)
	at org.apache.maven.surefire.testng.TestNGXmlTestSuite.execute(TestNGXmlTestSuite.java:71)
	at org.apache.maven.surefire.testng.TestNGProvider.invoke(TestNGProvider.java:113)
	at org.apache.maven.surefire.booter.ForkedBooter.runSuitesInProcess(ForkedBooter.java:385)
	at org.apache.maven.surefire.booter.ForkedBooter.execute(ForkedBooter.java:162)
	at org.apache.maven.surefire.booter.ForkedBooter.run(ForkedBooter.java:507)
	at org.apache.maven.surefire.booter.ForkedBooter.main(ForkedBooter.java:495)
]]></failure>
    <system-out><![CDATA[Screenshot saved to: /Users/fauzanfr/mpir/JuaraCoding/SQABatch25/swaglabs-test/target/screenshots/forbidenAccessToInventoryPageWithoutLoginTest_success_2025-11-20_20-06-40.png
]]></system-out>
    <system-err><![CDATA[Nov 20, 2025 8:06:43 PM org.openqa.selenium.devtools.CdpVersionFinder findNearestMatch
WARNING: Unable to find CDP implementation matching 142
Nov 20, 2025 8:06:43 PM org.openqa.selenium.chromium.ChromiumDriver lambda$new$5
WARNING: Unable to find version of CDP to use for 142.0.7444.176. You may need to include a dependency on a specific version of the CDP using something similar to `org.seleniumhq.selenium:selenium-devtools-v86:4.27.0` where the version ("v86") matches the version of the chromium-based browser you're using and the version number of the artifact is the same as Selenium's.
]]></system-err>
  </testcase>
</testsuite>