<?xml version="1.0" encoding="UTF-8"?>
<testng-results ignored="0" total="10" passed="10" failed="0" skipped="0">
  <reporter-output>
    <line>
      <![CDATA[<div><img style='width: 30%' src='../screenshots/loginSuccessWithValidCredentialTest_success_2025-11-19_20-54-42.png' /></div>]]>
    </line>
    <line>
      <![CDATA[<div><a href='../screenshots/loginSuccessWithValidCredentialTest_success_2025-11-19_20-54-42.png' target='_blank'>loginSuccessWithValidCredentialTest</a></div>]]>
    </line>
    <line>
      <![CDATA[<div><img style='width: 30%' src='../screenshots/loginFailedWithInvalidUsernameTest_success_2025-11-19_20-54-47.png' /></div>]]>
    </line>
    <line>
      <![CDATA[<div><a href='../screenshots/loginFailedWithInvalidUsernameTest_success_2025-11-19_20-54-47.png' target='_blank'>loginFailedWithInvalidUsernameTest</a></div>]]>
    </line>
    <line>
      <![CDATA[<div><img style='width: 30%' src='../screenshots/loginFailedWithInvalidPasswordTest_success_2025-11-19_20-54-52.png' /></div>]]>
    </line>
    <line>
      <![CDATA[<div><a href='../screenshots/loginFailedWithInvalidPasswordTest_success_2025-11-19_20-54-52.png' target='_blank'>loginFailedWithInvalidPasswordTest</a></div>]]>
    </line>
    <line>
      <![CDATA[<div><img style='width: 30%' src='../screenshots/loginFailedWithEmptyTest_success_2025-11-19_20-54-57.png' /></div>]]>
    </line>
    <line>
      <![CDATA[<div><a href='../screenshots/loginFailedWithEmptyTest_success_2025-11-19_20-54-57.png' target='_blank'>loginFailedWithEmptyTest</a></div>]]>
    </line>
    <line>
      <![CDATA[<div><img style='width: 30%' src='../screenshots/loginFailedWithEmptyUsernameTest_success_2025-11-19_20-55-06.png' /></div>]]>
    </line>
    <line>
      <![CDATA[<div><a href='../screenshots/loginFailedWithEmptyUsernameTest_success_2025-11-19_20-55-06.png' target='_blank'>loginFailedWithEmptyUsernameTest</a></div>]]>
    </line>
    <line>
      <![CDATA[<div><img style='width: 30%' src='../screenshots/loginFailedWithEmptyPasswordTest_success_2025-11-19_20-55-16.png' /></div>]]>
    </line>
    <line>
      <![CDATA[<div><a href='../screenshots/loginFailedWithEmptyPasswordTest_success_2025-11-19_20-55-16.png' target='_blank'>loginFailedWithEmptyPasswordTest</a></div>]]>
    </line>
    <line>
      <![CDATA[<div><img style='width: 30%' src='../screenshots/addSingleProductToCartTest_success_2025-11-19_20-55-21.png' /></div>]]>
    </line>
    <line>
      <![CDATA[<div><a href='../screenshots/addSingleProductToCartTest_success_2025-11-19_20-55-21.png' target='_blank'>addSingleProductToCartTest</a></div>]]>
    </line>
    <line>
      <![CDATA[<div><img style='width: 30%' src='../screenshots/addMultipleProductToCartTest_success_2025-11-19_20-55-26.png' /></div>]]>
    </line>
    <line>
      <![CDATA[<div><a href='../screenshots/addMultipleProductToCartTest_success_2025-11-19_20-55-26.png' target='_blank'>addMultipleProductToCartTest</a></div>]]>
    </line>
    <line>
      <![CDATA[<div><img style='width: 30%' src='../screenshots/deleteProductFromInventariesPageTest_success_2025-11-19_20-55-30.png' /></div>]]>
    </line>
    <line>
      <![CDATA[<div><a href='../screenshots/deleteProductFromInventariesPageTest_success_2025-11-19_20-55-30.png' target='_blank'>deleteProductFromInventariesPageTest</a></div>]]>
    </line>
    <line>
      <![CDATA[<div><img style='width: 30%' src='../screenshots/orderLowToHighBasePriceTest_success_2025-11-19_20-55-35.png' /></div>]]>
    </line>
    <line>
      <![CDATA[<div><a href='../screenshots/orderLowToHighBasePriceTest_success_2025-11-19_20-55-35.png' target='_blank'>orderLowToHighBasePriceTest</a></div>]]>
    </line>
  </reporter-output>
  <suite started-at="2025-11-19T20:54:37 WIB" name="Java Testing" finished-at="2025-11-19T20:55:35 WIB" duration-ms="58299">
    <groups>
    </groups>
    <test started-at="2025-11-19T20:54:37 WIB" name="Basic Test" finished-at="2025-11-19T20:55:35 WIB" duration-ms="58299">
      <class name="com.juaracoding.swaglabs.InventoryTest">
        <test-method is-config="true" signature="setUp(org.testng.ITestContext)[pri:0, instance:com.juaracoding.swaglabs.InventoryTest@318ba8c8]" started-at="2025-11-19T20:55:16 WIB" name="setUp" finished-at="2025-11-19T20:55:20 WIB" duration-ms="3621" status="PASS">
          <params>
            <param index="0">
              <value>
                <![CDATA[org.testng.TestRunner@ab20d7c]]>
              </value>
            </param>
          </params>
          <reporter-output>
          </reporter-output>
        </test-method> <!-- setUp -->
        <test-method signature="addSingleProductToCartTest(java.lang.String,java.lang.String)[pri:1, instance:com.juaracoding.swaglabs.InventoryTest@318ba8c8]" started-at="2025-11-19T20:55:20 WIB" name="addSingleProductToCartTest" finished-at="2025-11-19T20:55:21 WIB" duration-ms="789" status="PASS">
          <params>
            <param index="0">
              <value>
                <![CDATA[standard_user]]>
              </value>
            </param>
            <param index="1">
              <value>
                <![CDATA[secret_sauce]]>
              </value>
            </param>
          </params>
          <reporter-output>
            <line>
              <![CDATA[<div><img style='width: 30%' src='../screenshots/addSingleProductToCartTest_success_2025-11-19_20-55-21.png' /></div>]]>
            </line>
            <line>
              <![CDATA[<div><a href='../screenshots/addSingleProductToCartTest_success_2025-11-19_20-55-21.png' target='_blank'>addSingleProductToCartTest</a></div>]]>
            </line>
          </reporter-output>
        </test-method> <!-- addSingleProductToCartTest -->
        <test-method is-config="true" signature="teardown(org.testng.ITestContext)[pri:0, instance:com.juaracoding.swaglabs.InventoryTest@318ba8c8]" started-at="2025-11-19T20:55:21 WIB" name="teardown" finished-at="2025-11-19T20:55:21 WIB" duration-ms="162" status="PASS">
          <params>
            <param index="0">
              <value>
                <![CDATA[org.testng.TestRunner@ab20d7c]]>
              </value>
            </param>
          </params>
          <reporter-output>
          </reporter-output>
        </test-method> <!-- teardown -->
        <test-method is-config="true" signature="setUp(org.testng.ITestContext)[pri:0, instance:com.juaracoding.swaglabs.InventoryTest@318ba8c8]" started-at="2025-11-19T20:55:21 WIB" name="setUp" finished-at="2025-11-19T20:55:25 WIB" duration-ms="3385" status="PASS">
          <params>
            <param index="0">
              <value>
                <![CDATA[org.testng.TestRunner@ab20d7c]]>
              </value>
            </param>
          </params>
          <reporter-output>
          </reporter-output>
        </test-method> <!-- setUp -->
        <test-method signature="addMultipleProductToCartTest(java.lang.String,java.lang.String)[pri:2, instance:com.juaracoding.swaglabs.InventoryTest@318ba8c8]" started-at="2025-11-19T20:55:25 WIB" name="addMultipleProductToCartTest" finished-at="2025-11-19T20:55:25 WIB" duration-ms="880" status="PASS">
          <params>
            <param index="0">
              <value>
                <![CDATA[standard_user]]>
              </value>
            </param>
            <param index="1">
              <value>
                <![CDATA[secret_sauce]]>
              </value>
            </param>
          </params>
          <reporter-output>
            <line>
              <![CDATA[<div><img style='width: 30%' src='../screenshots/addMultipleProductToCartTest_success_2025-11-19_20-55-26.png' /></div>]]>
            </line>
            <line>
              <![CDATA[<div><a href='../screenshots/addMultipleProductToCartTest_success_2025-11-19_20-55-26.png' target='_blank'>addMultipleProductToCartTest</a></div>]]>
            </line>
          </reporter-output>
        </test-method> <!-- addMultipleProductToCartTest -->
        <test-method is-config="true" signature="teardown(org.testng.ITestContext)[pri:0, instance:com.juaracoding.swaglabs.InventoryTest@318ba8c8]" started-at="2025-11-19T20:55:26 WIB" name="teardown" finished-at="2025-11-19T20:55:26 WIB" duration-ms="173" status="PASS">
          <params>
            <param index="0">
              <value>
                <![CDATA[org.testng.TestRunner@ab20d7c]]>
              </value>
            </param>
          </params>
          <reporter-output>
          </reporter-output>
        </test-method> <!-- teardown -->
        <test-method is-config="true" signature="setUp(org.testng.ITestContext)[pri:0, instance:com.juaracoding.swaglabs.InventoryTest@318ba8c8]" started-at="2025-11-19T20:55:26 WIB" name="setUp" finished-at="2025-11-19T20:55:29 WIB" duration-ms="2910" status="PASS">
          <params>
            <param index="0">
              <value>
                <![CDATA[org.testng.TestRunner@ab20d7c]]>
              </value>
            </param>
          </params>
          <reporter-output>
          </reporter-output>
        </test-method> <!-- setUp -->
        <test-method signature="deleteProductFromInventariesPageTest(java.lang.String,java.lang.String)[pri:3, instance:com.juaracoding.swaglabs.InventoryTest@318ba8c8]" started-at="2025-11-19T20:55:29 WIB" name="deleteProductFromInventariesPageTest" finished-at="2025-11-19T20:55:30 WIB" duration-ms="1215" status="PASS">
          <params>
            <param index="0">
              <value>
                <![CDATA[standard_user]]>
              </value>
            </param>
            <param index="1">
              <value>
                <![CDATA[secret_sauce]]>
              </value>
            </param>
          </params>
          <reporter-output>
            <line>
              <![CDATA[<div><img style='width: 30%' src='../screenshots/deleteProductFromInventariesPageTest_success_2025-11-19_20-55-30.png' /></div>]]>
            </line>
            <line>
              <![CDATA[<div><a href='../screenshots/deleteProductFromInventariesPageTest_success_2025-11-19_20-55-30.png' target='_blank'>deleteProductFromInventariesPageTest</a></div>]]>
            </line>
          </reporter-output>
        </test-method> <!-- deleteProductFromInventariesPageTest -->
        <test-method is-config="true" signature="teardown(org.testng.ITestContext)[pri:0, instance:com.juaracoding.swaglabs.InventoryTest@318ba8c8]" started-at="2025-11-19T20:55:30 WIB" name="teardown" finished-at="2025-11-19T20:55:31 WIB" duration-ms="210" status="PASS">
          <params>
            <param index="0">
              <value>
                <![CDATA[org.testng.TestRunner@ab20d7c]]>
              </value>
            </param>
          </params>
          <reporter-output>
          </reporter-output>
        </test-method> <!-- teardown -->
        <test-method is-config="true" signature="setUp(org.testng.ITestContext)[pri:0, instance:com.juaracoding.swaglabs.InventoryTest@318ba8c8]" started-at="2025-11-19T20:55:31 WIB" name="setUp" finished-at="2025-11-19T20:55:34 WIB" duration-ms="3156" status="PASS">
          <params>
            <param index="0">
              <value>
                <![CDATA[org.testng.TestRunner@ab20d7c]]>
              </value>
            </param>
          </params>
          <reporter-output>
          </reporter-output>
        </test-method> <!-- setUp -->
        <test-method signature="orderLowToHighBasePriceTest(java.lang.String,java.lang.String)[pri:4, instance:com.juaracoding.swaglabs.InventoryTest@318ba8c8]" started-at="2025-11-19T20:55:34 WIB" name="orderLowToHighBasePriceTest" finished-at="2025-11-19T20:55:35 WIB" duration-ms="1221" status="PASS">
          <params>
            <param index="0">
              <value>
                <![CDATA[standard_user]]>
              </value>
            </param>
            <param index="1">
              <value>
                <![CDATA[secret_sauce]]>
              </value>
            </param>
          </params>
          <reporter-output>
            <line>
              <![CDATA[<div><img style='width: 30%' src='../screenshots/orderLowToHighBasePriceTest_success_2025-11-19_20-55-35.png' /></div>]]>
            </line>
            <line>
              <![CDATA[<div><a href='../screenshots/orderLowToHighBasePriceTest_success_2025-11-19_20-55-35.png' target='_blank'>orderLowToHighBasePriceTest</a></div>]]>
            </line>
          </reporter-output>
        </test-method> <!-- orderLowToHighBasePriceTest -->
        <test-method is-config="true" signature="teardown(org.testng.ITestContext)[pri:0, instance:com.juaracoding.swaglabs.InventoryTest@318ba8c8]" started-at="2025-11-19T20:55:35 WIB" name="teardown" finished-at="2025-11-19T20:55:35 WIB" duration-ms="177" status="PASS">
          <params>
            <param index="0">
              <value>
                <![CDATA[org.testng.TestRunner@ab20d7c]]>
              </value>
            </param>
          </params>
          <reporter-output>
          </reporter-output>
        </test-method> <!-- teardown -->
      </class> <!-- com.juaracoding.swaglabs.InventoryTest -->
      <class name="com.juaracoding.swaglabs.LoginTest">
        <test-method is-config="true" signature="setUp(org.testng.ITestContext)[pri:0, instance:com.juaracoding.swaglabs.LoginTest@23529fee]" started-at="2025-11-19T20:54:37 WIB" name="setUp" finished-at="2025-11-19T20:54:41 WIB" duration-ms="3643" status="PASS">
          <params>
            <param index="0">
              <value>
                <![CDATA[org.testng.TestRunner@ab20d7c]]>
              </value>
            </param>
          </params>
          <reporter-output>
          </reporter-output>
        </test-method> <!-- setUp -->
        <test-method signature="loginSuccessWithValidCredentialTest(java.lang.String,java.lang.String)[pri:1, instance:com.juaracoding.swaglabs.LoginTest@23529fee]" started-at="2025-11-19T20:54:41 WIB" name="loginSuccessWithValidCredentialTest" finished-at="2025-11-19T20:54:42 WIB" duration-ms="1032" status="PASS">
          <params>
            <param index="0">
              <value>
                <![CDATA[standard_user]]>
              </value>
            </param>
            <param index="1">
              <value>
                <![CDATA[secret_sauce]]>
              </value>
            </param>
          </params>
          <reporter-output>
            <line>
              <![CDATA[<div><img style='width: 30%' src='../screenshots/loginSuccessWithValidCredentialTest_success_2025-11-19_20-54-42.png' /></div>]]>
            </line>
            <line>
              <![CDATA[<div><a href='../screenshots/loginSuccessWithValidCredentialTest_success_2025-11-19_20-54-42.png' target='_blank'>loginSuccessWithValidCredentialTest</a></div>]]>
            </line>
          </reporter-output>
        </test-method> <!-- loginSuccessWithValidCredentialTest -->
        <test-method is-config="true" signature="teardown(org.testng.ITestContext)[pri:0, instance:com.juaracoding.swaglabs.LoginTest@23529fee]" started-at="2025-11-19T20:54:42 WIB" name="teardown" finished-at="2025-11-19T20:54:42 WIB" duration-ms="197" status="PASS">
          <params>
            <param index="0">
              <value>
                <![CDATA[org.testng.TestRunner@ab20d7c]]>
              </value>
            </param>
          </params>
          <reporter-output>
          </reporter-output>
        </test-method> <!-- teardown -->
        <test-method is-config="true" signature="setUp(org.testng.ITestContext)[pri:0, instance:com.juaracoding.swaglabs.LoginTest@23529fee]" started-at="2025-11-19T20:54:42 WIB" name="setUp" finished-at="2025-11-19T20:54:46 WIB" duration-ms="3633" status="PASS">
          <params>
            <param index="0">
              <value>
                <![CDATA[org.testng.TestRunner@ab20d7c]]>
              </value>
            </param>
          </params>
          <reporter-output>
          </reporter-output>
        </test-method> <!-- setUp -->
        <test-method signature="loginFailedWithInvalidUsernameTest(java.lang.String,java.lang.String)[pri:2, instance:com.juaracoding.swaglabs.LoginTest@23529fee]" started-at="2025-11-19T20:54:46 WIB" name="loginFailedWithInvalidUsernameTest" finished-at="2025-11-19T20:54:47 WIB" duration-ms="646" status="PASS">
          <params>
            <param index="0">
              <value>
                <![CDATA[invalid_user]]>
              </value>
            </param>
            <param index="1">
              <value>
                <![CDATA[secret_sauce]]>
              </value>
            </param>
          </params>
          <reporter-output>
            <line>
              <![CDATA[<div><img style='width: 30%' src='../screenshots/loginFailedWithInvalidUsernameTest_success_2025-11-19_20-54-47.png' /></div>]]>
            </line>
            <line>
              <![CDATA[<div><a href='../screenshots/loginFailedWithInvalidUsernameTest_success_2025-11-19_20-54-47.png' target='_blank'>loginFailedWithInvalidUsernameTest</a></div>]]>
            </line>
          </reporter-output>
        </test-method> <!-- loginFailedWithInvalidUsernameTest -->
        <test-method is-config="true" signature="teardown(org.testng.ITestContext)[pri:0, instance:com.juaracoding.swaglabs.LoginTest@23529fee]" started-at="2025-11-19T20:54:47 WIB" name="teardown" finished-at="2025-11-19T20:54:47 WIB" duration-ms="261" status="PASS">
          <params>
            <param index="0">
              <value>
                <![CDATA[org.testng.TestRunner@ab20d7c]]>
              </value>
            </param>
          </params>
          <reporter-output>
          </reporter-output>
        </test-method> <!-- teardown -->
        <test-method is-config="true" signature="setUp(org.testng.ITestContext)[pri:0, instance:com.juaracoding.swaglabs.LoginTest@23529fee]" started-at="2025-11-19T20:54:47 WIB" name="setUp" finished-at="2025-11-19T20:54:51 WIB" duration-ms="3820" status="PASS">
          <params>
            <param index="0">
              <value>
                <![CDATA[org.testng.TestRunner@ab20d7c]]>
              </value>
            </param>
          </params>
          <reporter-output>
          </reporter-output>
        </test-method> <!-- setUp -->
        <test-method signature="loginFailedWithInvalidPasswordTest(java.lang.String,java.lang.String)[pri:3, instance:com.juaracoding.swaglabs.LoginTest@23529fee]" started-at="2025-11-19T20:54:51 WIB" name="loginFailedWithInvalidPasswordTest" finished-at="2025-11-19T20:54:52 WIB" duration-ms="658" status="PASS">
          <params>
            <param index="0">
              <value>
                <![CDATA[standard_user]]>
              </value>
            </param>
            <param index="1">
              <value>
                <![CDATA[invalid_user]]>
              </value>
            </param>
          </params>
          <reporter-output>
            <line>
              <![CDATA[<div><img style='width: 30%' src='../screenshots/loginFailedWithInvalidPasswordTest_success_2025-11-19_20-54-52.png' /></div>]]>
            </line>
            <line>
              <![CDATA[<div><a href='../screenshots/loginFailedWithInvalidPasswordTest_success_2025-11-19_20-54-52.png' target='_blank'>loginFailedWithInvalidPasswordTest</a></div>]]>
            </line>
          </reporter-output>
        </test-method> <!-- loginFailedWithInvalidPasswordTest -->
        <test-method is-config="true" signature="teardown(org.testng.ITestContext)[pri:0, instance:com.juaracoding.swaglabs.LoginTest@23529fee]" started-at="2025-11-19T20:54:52 WIB" name="teardown" finished-at="2025-11-19T20:54:52 WIB" duration-ms="245" status="PASS">
          <params>
            <param index="0">
              <value>
                <![CDATA[org.testng.TestRunner@ab20d7c]]>
              </value>
            </param>
          </params>
          <reporter-output>
          </reporter-output>
        </test-method> <!-- teardown -->
        <test-method is-config="true" signature="setUp(org.testng.ITestContext)[pri:0, instance:com.juaracoding.swaglabs.LoginTest@23529fee]" started-at="2025-11-19T20:54:52 WIB" name="setUp" finished-at="2025-11-19T20:54:56 WIB" duration-ms="3596" status="PASS">
          <params>
            <param index="0">
              <value>
                <![CDATA[org.testng.TestRunner@ab20d7c]]>
              </value>
            </param>
          </params>
          <reporter-output>
          </reporter-output>
        </test-method> <!-- setUp -->
        <test-method signature="loginFailedWithEmptyTest(java.lang.String,java.lang.String)[pri:4, instance:com.juaracoding.swaglabs.LoginTest@23529fee]" started-at="2025-11-19T20:54:56 WIB" name="loginFailedWithEmptyTest" finished-at="2025-11-19T20:54:57 WIB" duration-ms="1077" status="PASS">
          <params>
            <param index="0">
              <value>
                <![CDATA[]]>
              </value>
            </param>
            <param index="1">
              <value>
                <![CDATA[]]>
              </value>
            </param>
          </params>
          <reporter-output>
            <line>
              <![CDATA[<div><img style='width: 30%' src='../screenshots/loginFailedWithEmptyTest_success_2025-11-19_20-54-57.png' /></div>]]>
            </line>
            <line>
              <![CDATA[<div><a href='../screenshots/loginFailedWithEmptyTest_success_2025-11-19_20-54-57.png' target='_blank'>loginFailedWithEmptyTest</a></div>]]>
            </line>
          </reporter-output>
        </test-method> <!-- loginFailedWithEmptyTest -->
        <test-method is-config="true" signature="teardown(org.testng.ITestContext)[pri:0, instance:com.juaracoding.swaglabs.LoginTest@23529fee]" started-at="2025-11-19T20:54:57 WIB" name="teardown" finished-at="2025-11-19T20:54:57 WIB" duration-ms="224" status="PASS">
          <params>
            <param index="0">
              <value>
                <![CDATA[org.testng.TestRunner@ab20d7c]]>
              </value>
            </param>
          </params>
          <reporter-output>
          </reporter-output>
        </test-method> <!-- teardown -->
        <test-method is-config="true" signature="setUp(org.testng.ITestContext)[pri:0, instance:com.juaracoding.swaglabs.LoginTest@23529fee]" started-at="2025-11-19T20:54:57 WIB" name="setUp" finished-at="2025-11-19T20:55:02 WIB" duration-ms="4435" status="PASS">
          <params>
            <param index="0">
              <value>
                <![CDATA[org.testng.TestRunner@ab20d7c]]>
              </value>
            </param>
          </params>
          <reporter-output>
          </reporter-output>
        </test-method> <!-- setUp -->
        <test-method signature="loginFailedWithEmptyUsernameTest(java.lang.String,java.lang.String)[pri:5, instance:com.juaracoding.swaglabs.LoginTest@23529fee]" started-at="2025-11-19T20:55:02 WIB" name="loginFailedWithEmptyUsernameTest" finished-at="2025-11-19T20:55:06 WIB" duration-ms="4459" status="PASS">
          <params>
            <param index="0">
              <value>
                <![CDATA[]]>
              </value>
            </param>
            <param index="1">
              <value>
                <![CDATA[secret_sauce]]>
              </value>
            </param>
          </params>
          <reporter-output>
            <line>
              <![CDATA[<div><img style='width: 30%' src='../screenshots/loginFailedWithEmptyUsernameTest_success_2025-11-19_20-55-06.png' /></div>]]>
            </line>
            <line>
              <![CDATA[<div><a href='../screenshots/loginFailedWithEmptyUsernameTest_success_2025-11-19_20-55-06.png' target='_blank'>loginFailedWithEmptyUsernameTest</a></div>]]>
            </line>
          </reporter-output>
        </test-method> <!-- loginFailedWithEmptyUsernameTest -->
        <test-method is-config="true" signature="teardown(org.testng.ITestContext)[pri:0, instance:com.juaracoding.swaglabs.LoginTest@23529fee]" started-at="2025-11-19T20:55:06 WIB" name="teardown" finished-at="2025-11-19T20:55:06 WIB" duration-ms="208" status="PASS">
          <params>
            <param index="0">
              <value>
                <![CDATA[org.testng.TestRunner@ab20d7c]]>
              </value>
            </param>
          </params>
          <reporter-output>
          </reporter-output>
        </test-method> <!-- teardown -->
        <test-method is-config="true" signature="setUp(org.testng.ITestContext)[pri:0, instance:com.juaracoding.swaglabs.LoginTest@23529fee]" started-at="2025-11-19T20:55:06 WIB" name="setUp" finished-at="2025-11-19T20:55:12 WIB" duration-ms="5094" status="PASS">
          <params>
            <param index="0">
              <value>
                <![CDATA[org.testng.TestRunner@ab20d7c]]>
              </value>
            </param>
          </params>
          <reporter-output>
          </reporter-output>
        </test-method> <!-- setUp -->
        <test-method signature="loginFailedWithEmptyPasswordTest(java.lang.String,java.lang.String)[pri:6, instance:com.juaracoding.swaglabs.LoginTest@23529fee]" started-at="2025-11-19T20:55:12 WIB" name="loginFailedWithEmptyPasswordTest" finished-at="2025-11-19T20:55:16 WIB" duration-ms="4457" status="PASS">
          <params>
            <param index="0">
              <value>
                <![CDATA[standard_user]]>
              </value>
            </param>
            <param index="1">
              <value>
                <![CDATA[]]>
              </value>
            </param>
          </params>
          <reporter-output>
            <line>
              <![CDATA[<div><img style='width: 30%' src='../screenshots/loginFailedWithEmptyPasswordTest_success_2025-11-19_20-55-16.png' /></div>]]>
            </line>
            <line>
              <![CDATA[<div><a href='../screenshots/loginFailedWithEmptyPasswordTest_success_2025-11-19_20-55-16.png' target='_blank'>loginFailedWithEmptyPasswordTest</a></div>]]>
            </line>
          </reporter-output>
        </test-method> <!-- loginFailedWithEmptyPasswordTest -->
        <test-method is-config="true" signature="teardown(org.testng.ITestContext)[pri:0, instance:com.juaracoding.swaglabs.LoginTest@23529fee]" started-at="2025-11-19T20:55:16 WIB" name="teardown" finished-at="2025-11-19T20:55:16 WIB" duration-ms="200" status="PASS">
          <params>
            <param index="0">
              <value>
                <![CDATA[org.testng.TestRunner@ab20d7c]]>
              </value>
            </param>
          </params>
          <reporter-output>
          </reporter-output>
        </test-method> <!-- teardown -->
      </class> <!-- com.juaracoding.swaglabs.LoginTest -->
    </test> <!-- Basic Test -->
  </suite> <!-- Java Testing -->
</testng-results>
