<?xml version="1.0" encoding="UTF-8"?>
<!-- Generated by org.testng.reporters.JUnitReportReporter -->
<testsuite hostname="MacBook-Pro-Fauzan.local" failures="0" tests="6" name="com.juaracoding.swaglabs.InventoryTest" time="31.303" errors="1" timestamp="2025-11-20T20:06:45 WIB" skipped="0">
  <testcase classname="com.juaracoding.swaglabs.InventoryTest" name="addSingleProductToCartTest" time="4.903">
    <system-out>
      <![CDATA[<div><img style='width: 30%' src='../screenshots/addSingleProductToCartTest_success_2025-11-20_20-06-17.png' /></div>
<div><a href='../screenshots/addSingleProductToCartTest_success_2025-11-20_20-06-17.png' target='_blank'>addSingleProductToCartTest</a></div>]]>
    </system-out>
  </testcase> <!-- addSingleProductToCartTest -->
  <testcase classname="com.juaracoding.swaglabs.InventoryTest" name="addMultipleProductToCartTest" time="5.933">
    <system-out>
      <![CDATA[<div><img style='width: 30%' src='../screenshots/addMultipleProductToCartTest_success_2025-11-20_20-06-25.png' /></div>
<div><a href='../screenshots/addMultipleProductToCartTest_success_2025-11-20_20-06-25.png' target='_blank'>addMultipleProductToCartTest</a></div>]]>
    </system-out>
  </testcase> <!-- addMultipleProductToCartTest -->
  <testcase classname="com.juaracoding.swaglabs.InventoryTest" name="deleteProductFromInventariesPageTest" time="5.498">
    <system-out>
      <![CDATA[<div><img style='width: 30%' src='../screenshots/deleteProductFromInventariesPageTest_success_2025-11-20_20-06-31.png' /></div>
<div><a href='../screenshots/deleteProductFromInventariesPageTest_success_2025-11-20_20-06-31.png' target='_blank'>deleteProductFromInventariesPageTest</a></div>]]>
    </system-out>
  </testcase> <!-- deleteProductFromInventariesPageTest -->
  <testcase classname="com.juaracoding.swaglabs.InventoryTest" name="orderLowToHighBasePriceTest" time="4.722">
    <system-out>
      <![CDATA[<div><img style='width: 30%' src='../screenshots/orderLowToHighBasePriceTest_success_2025-11-20_20-06-36.png' /></div>
<div><a href='../screenshots/orderLowToHighBasePriceTest_success_2025-11-20_20-06-36.png' target='_blank'>orderLowToHighBasePriceTest</a></div>]]>
    </system-out>
  </testcase> <!-- orderLowToHighBasePriceTest -->
  <testcase classname="com.juaracoding.swaglabs.InventoryTest" name="forbidenAccessToInventoryPageWithoutLoginTest" time="4.125">
    <system-out>
      <![CDATA[<div><img style='width: 30%' src='../screenshots/forbidenAccessToInventoryPageWithoutLoginTest_success_2025-11-20_20-06-40.png' /></div>
<div><a href='../screenshots/forbidenAccessToInventoryPageWithoutLoginTest_success_2025-11-20_20-06-40.png' target='_blank'>forbidenAccessToInventoryPageWithoutLoginTest</a></div>]]>
    </system-out>
  </testcase> <!-- forbidenAccessToInventoryPageWithoutLoginTest -->
  <testcase classname="com.juaracoding.swaglabs.InventoryTest" name="resetApplicationSateAfterProductAddTest" time="6.122">
    <error message="element not interactable
  (Session info: chrome=142.0.7444.176)
Build info: version: &#039;4.27.0&#039;, revision: &#039;d6e718d134&#039;
System info: os.name: &#039;Mac OS X&#039;, os.arch: &#039;x86_64&#039;, os.version: &#039;26.1&#039;, java.version: &#039;25&#039;
Driver info: org.openqa.selenium.chrome.ChromeDriver
Command: [ad4e2cb829ca3f536ffb59ce7b84da32, clickElement {id=f.97B612A2B9F2D673CAD39897BDC07779.d.2A4684F9909EDE117C2F8E77D08D4818.e.23}]
Capabilities {acceptInsecureCerts: false, browserName: chrome, browserVersion: 142.0.7444.176, chrome: {chromedriverVersion: 142.0.7444.175 (302067f14a4..., userDataDir: /var/folders/5j/brbg8w1j4qv...}, fedcm:accounts: true, goog:chromeOptions: {debuggerAddress: localhost:55712}, goog:processID: 16679, networkConnectionEnabled: false, pageLoadStrategy: normal, platformName: mac, proxy: Proxy(), se:cdp: ws://localhost:55712/devtoo..., se:cdpVersion: 142.0.7444.176, setWindowRect: true, strictFileInteractability: false, timeouts: {implicit: 0, pageLoad: 300000, script: 30000}, unhandledPromptBehavior: dismiss and notify, webauthn:extension:credBlob: true, webauthn:extension:largeBlob: true, webauthn:extension:minPinLength: true, webauthn:extension:prf: true, webauthn:virtualAuthenticators: true}
Element: [[ChromeDriver: chrome on mac (ad4e2cb829ca3f536ffb59ce7b84da32)] -&gt; id: reset_sidebar_link]
Session ID: ad4e2cb829ca3f536ffb59ce7b84da32" type="org.openqa.selenium.ElementNotInteractableException">
      <![CDATA[org.openqa.selenium.ElementNotInteractableException: element not interactable
  (Session info: chrome=142.0.7444.176)
Build info: version: '4.27.0', revision: 'd6e718d134'
System info: os.name: 'Mac OS X', os.arch: 'x86_64', os.version: '26.1', java.version: '25'
Driver info: org.openqa.selenium.chrome.ChromeDriver
Command: [ad4e2cb829ca3f536ffb59ce7b84da32, clickElement {id=f.97B612A2B9F2D673CAD39897BDC07779.d.2A4684F9909EDE117C2F8E77D08D4818.e.23}]
Capabilities {acceptInsecureCerts: false, browserName: chrome, browserVersion: 142.0.7444.176, chrome: {chromedriverVersion: 142.0.7444.175 (302067f14a4..., userDataDir: /var/folders/5j/brbg8w1j4qv...}, fedcm:accounts: true, goog:chromeOptions: {debuggerAddress: localhost:55712}, goog:processID: 16679, networkConnectionEnabled: false, pageLoadStrategy: normal, platformName: mac, proxy: Proxy(), se:cdp: ws://localhost:55712/devtoo..., se:cdpVersion: 142.0.7444.176, setWindowRect: true, strictFileInteractability: false, timeouts: {implicit: 0, pageLoad: 300000, script: 30000}, unhandledPromptBehavior: dismiss and notify, webauthn:extension:credBlob: true, webauthn:extension:largeBlob: true, webauthn:extension:minPinLength: true, webauthn:extension:prf: true, webauthn:virtualAuthenticators: true}
Element: [[ChromeDriver: chrome on mac (ad4e2cb829ca3f536ffb59ce7b84da32)] -> id: reset_sidebar_link]
Session ID: ad4e2cb829ca3f536ffb59ce7b84da32
at java.base/jdk.internal.reflect.DirectConstructorHandleAccessor.newInstance(DirectConstructorHandleAccessor.java:62)
at java.base/java.lang.reflect.Constructor.newInstanceWithCaller(Constructor.java:499)
at java.base/java.lang.reflect.Constructor.newInstance(Constructor.java:483)
at org.openqa.selenium.remote.ErrorCodec.decode(ErrorCodec.java:167)
at org.openqa.selenium.remote.codec.w3c.W3CHttpResponseCodec.decode(W3CHttpResponseCodec.java:138)
at org.openqa.selenium.remote.codec.w3c.W3CHttpResponseCodec.decode(W3CHttpResponseCodec.java:50)
at org.openqa.selenium.remote.HttpCommandExecutor.execute(HttpCommandExecutor.java:190)
at org.openqa.selenium.remote.service.DriverCommandExecutor.invokeExecute(DriverCommandExecutor.java:216)
at org.openqa.selenium.remote.service.DriverCommandExecutor.execute(DriverCommandExecutor.java:174)
at org.openqa.selenium.remote.RemoteWebDriver.execute(RemoteWebDriver.java:545)
at org.openqa.selenium.remote.RemoteWebElement.execute(RemoteWebElement.java:223)
at org.openqa.selenium.remote.RemoteWebElement.click(RemoteWebElement.java:76)
at com.juaracoding.swaglabs.components.NavbarComponent.clickResetSideBar(NavbarComponent.java:19)
at com.juaracoding.swaglabs.InventoryTest.resetApplicationSateAfterProductAddTest(InventoryTest.java:133)
at java.base/jdk.internal.reflect.DirectMethodHandleAccessor.invoke(DirectMethodHandleAccessor.java:104)
at java.base/java.lang.reflect.Method.invoke(Method.java:565)
at org.testng.internal.invokers.MethodInvocationHelper.invokeMethod(MethodInvocationHelper.java:141)
at org.testng.internal.invokers.TestInvoker.invokeMethod(TestInvoker.java:686)
at org.testng.internal.invokers.TestInvoker.invokeTestMethod(TestInvoker.java:230)
at org.testng.internal.invokers.MethodRunner.runInSequence(MethodRunner.java:63)
at org.testng.internal.invokers.TestInvoker$MethodInvocationAgent.invoke(TestInvoker.java:992)
at org.testng.internal.invokers.TestInvoker.invokeTestMethods(TestInvoker.java:203)
at org.testng.internal.invokers.TestMethodWorker.invokeTestMethods(TestMethodWorker.java:154)
at org.testng.internal.invokers.TestMethodWorker.run(TestMethodWorker.java:134)
at java.base/java.util.ArrayList.forEach(ArrayList.java:1604)
at org.testng.TestRunner.privateRun(TestRunner.java:739)
at org.testng.TestRunner.run(TestRunner.java:614)
at org.testng.SuiteRunner.runTest(SuiteRunner.java:421)
at org.testng.SuiteRunner.runSequentially(SuiteRunner.java:413)
at org.testng.SuiteRunner.privateRun(SuiteRunner.java:373)
at org.testng.SuiteRunner.run(SuiteRunner.java:312)
at org.testng.SuiteRunnerWorker.runSuite(SuiteRunnerWorker.java:52)
at org.testng.SuiteRunnerWorker.run(SuiteRunnerWorker.java:95)
at org.testng.TestNG.runSuitesSequentially(TestNG.java:1274)
at org.testng.TestNG.runSuitesLocally(TestNG.java:1208)
at org.testng.TestNG.runSuites(TestNG.java:1112)
at org.testng.TestNG.run(TestNG.java:1079)
at org.apache.maven.surefire.testng.TestNGExecutor.run(TestNGExecutor.java:308)
at org.apache.maven.surefire.testng.TestNGXmlTestSuite.execute(TestNGXmlTestSuite.java:71)
at org.apache.maven.surefire.testng.TestNGProvider.invoke(TestNGProvider.java:113)
at org.apache.maven.surefire.booter.ForkedBooter.runSuitesInProcess(ForkedBooter.java:385)
at org.apache.maven.surefire.booter.ForkedBooter.execute(ForkedBooter.java:162)
at org.apache.maven.surefire.booter.ForkedBooter.run(ForkedBooter.java:507)
at org.apache.maven.surefire.booter.ForkedBooter.main(ForkedBooter.java:495)
]]>
    </error>
    <system-out>
      <![CDATA[<div><img style='width: 30%' src='../screenshots/resetApplicationSateAfterProductAddTest_fail_2025-11-20_20-06-45.png' /></div>
<div><a href='../screenshots/resetApplicationSateAfterProductAddTest_fail_2025-11-20_20-06-45.png' target='_blank'>resetApplicationSateAfterProductAddTest</a></div>]]>
    </system-out>
  </testcase> <!-- resetApplicationSateAfterProductAddTest -->
  <system-out>
    <![CDATA[<div><img style='width: 30%' src='../screenshots/loginSuccessWithValidCredentialTest_success_2025-11-20_20-05-50.png' /></div>
<div><a href='../screenshots/loginSuccessWithValidCredentialTest_success_2025-11-20_20-05-50.png' target='_blank'>loginSuccessWithValidCredentialTest</a></div>
<div><img style='width: 30%' src='../screenshots/loginFailedWithInvalidUsernameTest_success_2025-11-20_20-05-55.png' /></div>
<div><a href='../screenshots/loginFailedWithInvalidUsernameTest_success_2025-11-20_20-05-55.png' target='_blank'>loginFailedWithInvalidUsernameTest</a></div>
<div><img style='width: 30%' src='../screenshots/loginFailedWithInvalidPasswordTest_success_2025-11-20_20-05-59.png' /></div>
<div><a href='../screenshots/loginFailedWithInvalidPasswordTest_success_2025-11-20_20-05-59.png' target='_blank'>loginFailedWithInvalidPasswordTest</a></div>
<div><img style='width: 30%' src='../screenshots/loginFailedWithEmptyTest_success_2025-11-20_20-06-03.png' /></div>
<div><a href='../screenshots/loginFailedWithEmptyTest_success_2025-11-20_20-06-03.png' target='_blank'>loginFailedWithEmptyTest</a></div>
<div><img style='width: 30%' src='../screenshots/loginFailedWithEmptyUsernameTest_success_2025-11-20_20-06-07.png' /></div>
<div><a href='../screenshots/loginFailedWithEmptyUsernameTest_success_2025-11-20_20-06-07.png' target='_blank'>loginFailedWithEmptyUsernameTest</a></div>
<div><img style='width: 30%' src='../screenshots/loginFailedWithEmptyPasswordTest_success_2025-11-20_20-06-11.png' /></div>
<div><a href='../screenshots/loginFailedWithEmptyPasswordTest_success_2025-11-20_20-06-11.png' target='_blank'>loginFailedWithEmptyPasswordTest</a></div>
<div><img style='width: 30%' src='../screenshots/addSingleProductToCartTest_success_2025-11-20_20-06-17.png' /></div>
<div><a href='../screenshots/addSingleProductToCartTest_success_2025-11-20_20-06-17.png' target='_blank'>addSingleProductToCartTest</a></div>
<div><img style='width: 30%' src='../screenshots/addMultipleProductToCartTest_success_2025-11-20_20-06-25.png' /></div>
<div><a href='../screenshots/addMultipleProductToCartTest_success_2025-11-20_20-06-25.png' target='_blank'>addMultipleProductToCartTest</a></div>
<div><img style='width: 30%' src='../screenshots/deleteProductFromInventariesPageTest_success_2025-11-20_20-06-31.png' /></div>
<div><a href='../screenshots/deleteProductFromInventariesPageTest_success_2025-11-20_20-06-31.png' target='_blank'>deleteProductFromInventariesPageTest</a></div>
<div><img style='width: 30%' src='../screenshots/orderLowToHighBasePriceTest_success_2025-11-20_20-06-36.png' /></div>
<div><a href='../screenshots/orderLowToHighBasePriceTest_success_2025-11-20_20-06-36.png' target='_blank'>orderLowToHighBasePriceTest</a></div>
<div><img style='width: 30%' src='../screenshots/forbidenAccessToInventoryPageWithoutLoginTest_success_2025-11-20_20-06-40.png' /></div>
<div><a href='../screenshots/forbidenAccessToInventoryPageWithoutLoginTest_success_2025-11-20_20-06-40.png' target='_blank'>forbidenAccessToInventoryPageWithoutLoginTest</a></div>
<div><img style='width: 30%' src='../screenshots/resetApplicationSateAfterProductAddTest_fail_2025-11-20_20-06-45.png' /></div>
<div><a href='../screenshots/resetApplicationSateAfterProductAddTest_fail_2025-11-20_20-06-45.png' target='_blank'>resetApplicationSateAfterProductAddTest</a></div>]]>
  </system-out>
</testsuite> <!-- com.juaracoding.swaglabs.InventoryTest -->
