<?xml version="1.0" encoding="UTF-8"?>
<!-- Generated by org.testng.reporters.JUnitReportReporter -->
<testsuite hostname="MacBook-Pro-Fauzan.local" failures="0" tests="3" name="com.juaracoding.swaglabs.InventoryTest" time="16.931" errors="0" timestamp="2025-11-19T19:25:30 WIB" skipped="0">
  <testcase classname="com.juaracoding.swaglabs.InventoryTest" name="addSingleProductToCartTest" time="7.325">
    <system-out>
      <![CDATA[<div><img style='width: 30%' src='../screenshots/addSingleProductToCartTest_success_2025-11-19_19-25-19.png' /></div>
<div><a href='../screenshots/addSingleProductToCartTest_success_2025-11-19_19-25-19.png' target='_blank'>addSingleProductToCartTest</a></div>]]>
    </system-out>
  </testcase> <!-- addSingleProductToCartTest -->
  <testcase classname="com.juaracoding.swaglabs.InventoryTest" name="addMultipleProductToCartTest" time="4.853">
    <system-out>
      <![CDATA[<div><img style='width: 30%' src='../screenshots/addMultipleProductToCartTest_success_2025-11-19_19-25-24.png' /></div>
<div><a href='../screenshots/addMultipleProductToCartTest_success_2025-11-19_19-25-24.png' target='_blank'>addMultipleProductToCartTest</a></div>]]>
    </system-out>
  </testcase> <!-- addMultipleProductToCartTest -->
  <testcase classname="com.juaracoding.swaglabs.InventoryTest" name="deleteProductFromInventariesPageTest" time="4.753">
    <system-out>
      <![CDATA[<div><img style='width: 30%' src='../screenshots/deleteProductFromInventariesPageTest_success_2025-11-19_19-25-29.png' /></div>
<div><a href='../screenshots/deleteProductFromInventariesPageTest_success_2025-11-19_19-25-29.png' target='_blank'>deleteProductFromInventariesPageTest</a></div>]]>
    </system-out>
  </testcase> <!-- deleteProductFromInventariesPageTest -->
  <system-out>
    <![CDATA[<div><img style='width: 30%' src='../screenshots/addSingleProductToCartTest_success_2025-11-19_19-25-19.png' /></div>
<div><a href='../screenshots/addSingleProductToCartTest_success_2025-11-19_19-25-19.png' target='_blank'>addSingleProductToCartTest</a></div>
<div><img style='width: 30%' src='../screenshots/addMultipleProductToCartTest_success_2025-11-19_19-25-24.png' /></div>
<div><a href='../screenshots/addMultipleProductToCartTest_success_2025-11-19_19-25-24.png' target='_blank'>addMultipleProductToCartTest</a></div>
<div><img style='width: 30%' src='../screenshots/deleteProductFromInventariesPageTest_success_2025-11-19_19-25-29.png' /></div>
<div><a href='../screenshots/deleteProductFromInventariesPageTest_success_2025-11-19_19-25-29.png' target='_blank'>deleteProductFromInventariesPageTest</a></div>]]>
  </system-out>
</testsuite> <!-- com.juaracoding.swaglabs.InventoryTest -->
