<?xml version="1.0" encoding="UTF-8"?>
<!-- Generated by org.testng.reporters.JUnitReportReporter -->
<testsuite hostname="MacBook-Pro-Fauzan.local" failures="0" tests="4" name="com.juaracoding.swaglabs.InventoryTest" time="17.899" errors="0" timestamp="2025-11-19T20:55:36 WIB" skipped="0">
  <testcase classname="com.juaracoding.swaglabs.InventoryTest" name="addSingleProductToCartTest" time="4.107">
    <system-out>
      <![CDATA[<div><img style='width: 30%' src='../screenshots/addSingleProductToCartTest_success_2025-11-19_20-55-21.png' /></div>
<div><a href='../screenshots/addSingleProductToCartTest_success_2025-11-19_20-55-21.png' target='_blank'>addSingleProductToCartTest</a></div>]]>
    </system-out>
  </testcase> <!-- addSingleProductToCartTest -->
  <testcase classname="com.juaracoding.swaglabs.InventoryTest" name="addMultipleProductToCartTest" time="3.963">
    <system-out>
      <![CDATA[<div><img style='width: 30%' src='../screenshots/addMultipleProductToCartTest_success_2025-11-19_20-55-26.png' /></div>
<div><a href='../screenshots/addMultipleProductToCartTest_success_2025-11-19_20-55-26.png' target='_blank'>addMultipleProductToCartTest</a></div>]]>
    </system-out>
  </testcase> <!-- addMultipleProductToCartTest -->
  <testcase classname="com.juaracoding.swaglabs.InventoryTest" name="deleteProductFromInventariesPageTest" time="5.046">
    <system-out>
      <![CDATA[<div><img style='width: 30%' src='../screenshots/deleteProductFromInventariesPageTest_success_2025-11-19_20-55-30.png' /></div>
<div><a href='../screenshots/deleteProductFromInventariesPageTest_success_2025-11-19_20-55-30.png' target='_blank'>deleteProductFromInventariesPageTest</a></div>]]>
    </system-out>
  </testcase> <!-- deleteProductFromInventariesPageTest -->
  <testcase classname="com.juaracoding.swaglabs.InventoryTest" name="orderLowToHighBasePriceTest" time="4.783">
    <system-out>
      <![CDATA[<div><img style='width: 30%' src='../screenshots/orderLowToHighBasePriceTest_success_2025-11-19_20-55-35.png' /></div>
<div><a href='../screenshots/orderLowToHighBasePriceTest_success_2025-11-19_20-55-35.png' target='_blank'>orderLowToHighBasePriceTest</a></div>]]>
    </system-out>
  </testcase> <!-- orderLowToHighBasePriceTest -->
  <system-out>
    <![CDATA[<div><img style='width: 30%' src='../screenshots/loginSuccessWithValidCredentialTest_success_2025-11-19_20-54-42.png' /></div>
<div><a href='../screenshots/loginSuccessWithValidCredentialTest_success_2025-11-19_20-54-42.png' target='_blank'>loginSuccessWithValidCredentialTest</a></div>
<div><img style='width: 30%' src='../screenshots/loginFailedWithInvalidUsernameTest_success_2025-11-19_20-54-47.png' /></div>
<div><a href='../screenshots/loginFailedWithInvalidUsernameTest_success_2025-11-19_20-54-47.png' target='_blank'>loginFailedWithInvalidUsernameTest</a></div>
<div><img style='width: 30%' src='../screenshots/loginFailedWithInvalidPasswordTest_success_2025-11-19_20-54-52.png' /></div>
<div><a href='../screenshots/loginFailedWithInvalidPasswordTest_success_2025-11-19_20-54-52.png' target='_blank'>loginFailedWithInvalidPasswordTest</a></div>
<div><img style='width: 30%' src='../screenshots/loginFailedWithEmptyTest_success_2025-11-19_20-54-57.png' /></div>
<div><a href='../screenshots/loginFailedWithEmptyTest_success_2025-11-19_20-54-57.png' target='_blank'>loginFailedWithEmptyTest</a></div>
<div><img style='width: 30%' src='../screenshots/loginFailedWithEmptyUsernameTest_success_2025-11-19_20-55-06.png' /></div>
<div><a href='../screenshots/loginFailedWithEmptyUsernameTest_success_2025-11-19_20-55-06.png' target='_blank'>loginFailedWithEmptyUsernameTest</a></div>
<div><img style='width: 30%' src='../screenshots/loginFailedWithEmptyPasswordTest_success_2025-11-19_20-55-16.png' /></div>
<div><a href='../screenshots/loginFailedWithEmptyPasswordTest_success_2025-11-19_20-55-16.png' target='_blank'>loginFailedWithEmptyPasswordTest</a></div>
<div><img style='width: 30%' src='../screenshots/addSingleProductToCartTest_success_2025-11-19_20-55-21.png' /></div>
<div><a href='../screenshots/addSingleProductToCartTest_success_2025-11-19_20-55-21.png' target='_blank'>addSingleProductToCartTest</a></div>
<div><img style='width: 30%' src='../screenshots/addMultipleProductToCartTest_success_2025-11-19_20-55-26.png' /></div>
<div><a href='../screenshots/addMultipleProductToCartTest_success_2025-11-19_20-55-26.png' target='_blank'>addMultipleProductToCartTest</a></div>
<div><img style='width: 30%' src='../screenshots/deleteProductFromInventariesPageTest_success_2025-11-19_20-55-30.png' /></div>
<div><a href='../screenshots/deleteProductFromInventariesPageTest_success_2025-11-19_20-55-30.png' target='_blank'>deleteProductFromInventariesPageTest</a></div>
<div><img style='width: 30%' src='../screenshots/orderLowToHighBasePriceTest_success_2025-11-19_20-55-35.png' /></div>
<div><a href='../screenshots/orderLowToHighBasePriceTest_success_2025-11-19_20-55-35.png' target='_blank'>orderLowToHighBasePriceTest</a></div>]]>
  </system-out>
</testsuite> <!-- com.juaracoding.swaglabs.InventoryTest -->
