<?xml version="1.0" encoding="UTF-8"?>
<!-- Generated by org.testng.reporters.JUnitReportReporter -->
<testsuite hostname="MacBook-Pro-Fauzan.local" failures="0" tests="1" name="com.juaracoding.swaglabs.InventoryTest" time="5.932" errors="0" timestamp="2025-11-14T22:08:09 WIB" skipped="0">
  <testcase classname="com.juaracoding.swaglabs.InventoryTest" name="addSingleProductToCartTest" time="5.932">
    <system-out>
      <![CDATA[<img style='width: 30%' src='../screenshots/addSingleProductToCartTest_01_2025-11-14_22-08-08.png' />
<br /> <strong>../screenshots/addSingleProductToCartTest_01_2025-11-14_22-08-08.png</strong>]]>
    </system-out>
  </testcase> <!-- addSingleProductToCartTest -->
  <system-out>
    <![CDATA[<img style='width: 30%' src='../screenshots/addSingleProductToCartTest_01_2025-11-14_22-08-08.png' />
<br /> <strong>../screenshots/addSingleProductToCartTest_01_2025-11-14_22-08-08.png</strong>]]>
  </system-out>
</testsuite> <!-- com.juaracoding.swaglabs.InventoryTest -->
