<?xml version="1.0" encoding="UTF-8"?>
<!-- Generated by org.testng.reporters.JUnitReportReporter -->
<testsuite hostname="MacBook-Pro-Fauzan.local" failures="0" tests="6" name="com.juaracoding.swaglabs.LoginTest" time="37.885" errors="0" timestamp="2025-11-19T20:55:36 WIB" skipped="0">
  <testcase classname="com.juaracoding.swaglabs.LoginTest" name="loginSuccessWithValidCredentialTest" time="4.873">
    <system-out>
      <![CDATA[<div><img style='width: 30%' src='../screenshots/loginSuccessWithValidCredentialTest_success_2025-11-19_20-54-42.png' /></div>
<div><a href='../screenshots/loginSuccessWithValidCredentialTest_success_2025-11-19_20-54-42.png' target='_blank'>loginSuccessWithValidCredentialTest</a></div>]]>
    </system-out>
  </testcase> <!-- loginSuccessWithValidCredentialTest -->
  <testcase classname="com.juaracoding.swaglabs.LoginTest" name="loginFailedWithInvalidUsernameTest" time="4.540">
    <system-out>
      <![CDATA[<div><img style='width: 30%' src='../screenshots/loginFailedWithInvalidUsernameTest_success_2025-11-19_20-54-47.png' /></div>
<div><a href='../screenshots/loginFailedWithInvalidUsernameTest_success_2025-11-19_20-54-47.png' target='_blank'>loginFailedWithInvalidUsernameTest</a></div>]]>
    </system-out>
  </testcase> <!-- loginFailedWithInvalidUsernameTest -->
  <testcase classname="com.juaracoding.swaglabs.LoginTest" name="loginFailedWithInvalidPasswordTest" time="4.501">
    <system-out>
      <![CDATA[<div><img style='width: 30%' src='../screenshots/loginFailedWithInvalidPasswordTest_success_2025-11-19_20-54-52.png' /></div>
<div><a href='../screenshots/loginFailedWithInvalidPasswordTest_success_2025-11-19_20-54-52.png' target='_blank'>loginFailedWithInvalidPasswordTest</a></div>]]>
    </system-out>
  </testcase> <!-- loginFailedWithInvalidPasswordTest -->
  <testcase classname="com.juaracoding.swaglabs.LoginTest" name="loginFailedWithEmptyTest" time="6.368">
    <system-out>
      <![CDATA[<div><img style='width: 30%' src='../screenshots/loginFailedWithEmptyTest_success_2025-11-19_20-54-57.png' /></div>
<div><a href='../screenshots/loginFailedWithEmptyTest_success_2025-11-19_20-54-57.png' target='_blank'>loginFailedWithEmptyTest</a></div>]]>
    </system-out>
  </testcase> <!-- loginFailedWithEmptyTest -->
  <testcase classname="com.juaracoding.swaglabs.LoginTest" name="loginFailedWithEmptyUsernameTest" time="8.487">
    <system-out>
      <![CDATA[<div><img style='width: 30%' src='../screenshots/loginFailedWithEmptyUsernameTest_success_2025-11-19_20-55-06.png' /></div>
<div><a href='../screenshots/loginFailedWithEmptyUsernameTest_success_2025-11-19_20-55-06.png' target='_blank'>loginFailedWithEmptyUsernameTest</a></div>]]>
    </system-out>
  </testcase> <!-- loginFailedWithEmptyUsernameTest -->
  <testcase classname="com.juaracoding.swaglabs.LoginTest" name="loginFailedWithEmptyPasswordTest" time="9.116">
    <system-out>
      <![CDATA[<div><img style='width: 30%' src='../screenshots/loginFailedWithEmptyPasswordTest_success_2025-11-19_20-55-16.png' /></div>
<div><a href='../screenshots/loginFailedWithEmptyPasswordTest_success_2025-11-19_20-55-16.png' target='_blank'>loginFailedWithEmptyPasswordTest</a></div>]]>
    </system-out>
  </testcase> <!-- loginFailedWithEmptyPasswordTest -->
  <system-out>
    <![CDATA[<div><img style='width: 30%' src='../screenshots/loginSuccessWithValidCredentialTest_success_2025-11-19_20-54-42.png' /></div>
<div><a href='../screenshots/loginSuccessWithValidCredentialTest_success_2025-11-19_20-54-42.png' target='_blank'>loginSuccessWithValidCredentialTest</a></div>
<div><img style='width: 30%' src='../screenshots/loginFailedWithInvalidUsernameTest_success_2025-11-19_20-54-47.png' /></div>
<div><a href='../screenshots/loginFailedWithInvalidUsernameTest_success_2025-11-19_20-54-47.png' target='_blank'>loginFailedWithInvalidUsernameTest</a></div>
<div><img style='width: 30%' src='../screenshots/loginFailedWithInvalidPasswordTest_success_2025-11-19_20-54-52.png' /></div>
<div><a href='../screenshots/loginFailedWithInvalidPasswordTest_success_2025-11-19_20-54-52.png' target='_blank'>loginFailedWithInvalidPasswordTest</a></div>
<div><img style='width: 30%' src='../screenshots/loginFailedWithEmptyTest_success_2025-11-19_20-54-57.png' /></div>
<div><a href='../screenshots/loginFailedWithEmptyTest_success_2025-11-19_20-54-57.png' target='_blank'>loginFailedWithEmptyTest</a></div>
<div><img style='width: 30%' src='../screenshots/loginFailedWithEmptyUsernameTest_success_2025-11-19_20-55-06.png' /></div>
<div><a href='../screenshots/loginFailedWithEmptyUsernameTest_success_2025-11-19_20-55-06.png' target='_blank'>loginFailedWithEmptyUsernameTest</a></div>
<div><img style='width: 30%' src='../screenshots/loginFailedWithEmptyPasswordTest_success_2025-11-19_20-55-16.png' /></div>
<div><a href='../screenshots/loginFailedWithEmptyPasswordTest_success_2025-11-19_20-55-16.png' target='_blank'>loginFailedWithEmptyPasswordTest</a></div>
<div><img style='width: 30%' src='../screenshots/addSingleProductToCartTest_success_2025-11-19_20-55-21.png' /></div>
<div><a href='../screenshots/addSingleProductToCartTest_success_2025-11-19_20-55-21.png' target='_blank'>addSingleProductToCartTest</a></div>
<div><img style='width: 30%' src='../screenshots/addMultipleProductToCartTest_success_2025-11-19_20-55-26.png' /></div>
<div><a href='../screenshots/addMultipleProductToCartTest_success_2025-11-19_20-55-26.png' target='_blank'>addMultipleProductToCartTest</a></div>
<div><img style='width: 30%' src='../screenshots/deleteProductFromInventariesPageTest_success_2025-11-19_20-55-30.png' /></div>
<div><a href='../screenshots/deleteProductFromInventariesPageTest_success_2025-11-19_20-55-30.png' target='_blank'>deleteProductFromInventariesPageTest</a></div>
<div><img style='width: 30%' src='../screenshots/orderLowToHighBasePriceTest_success_2025-11-19_20-55-35.png' /></div>
<div><a href='../screenshots/orderLowToHighBasePriceTest_success_2025-11-19_20-55-35.png' target='_blank'>orderLowToHighBasePriceTest</a></div>]]>
  </system-out>
</testsuite> <!-- com.juaracoding.swaglabs.LoginTest -->
