<?xml version="1.0" encoding="UTF-8"?>
<!-- Generated by org.testng.reporters.JUnitReportReporter -->
<testsuite hostname="MacBook-Pro-Fauzan.local" failures="0" tests="2" name="com.juaracoding.swaglabs.InventoryTest" time="8.181" errors="0" timestamp="2025-11-18T21:31:51 WIB" skipped="0">
  <testcase classname="com.juaracoding.swaglabs.InventoryTest" name="addSingleProductToChartTest" time="4.067">
    <system-out>
      <![CDATA[<div><img style='width: 30%' src='../screenshots/addSingleProductToChartTest_success_2025-11-18_21-31-46.png' /></div>
<div><a href='../screenshots/addSingleProductToChartTest_success_2025-11-18_21-31-46.png' target='_blank'>addSingleProductToChartTest</a></div>]]>
    </system-out>
  </testcase> <!-- addSingleProductToChartTest -->
  <testcase classname="com.juaracoding.swaglabs.InventoryTest" name="addMultipleProdductToChartTest" time="4.114">
    <system-out>
      <![CDATA[<div><img style='width: 30%' src='../screenshots/addMultipleProdductToChartTest_success_2025-11-18_21-31-51.png' /></div>
<div><a href='../screenshots/addMultipleProdductToChartTest_success_2025-11-18_21-31-51.png' target='_blank'>addMultipleProdductToChartTest</a></div>]]>
    </system-out>
  </testcase> <!-- addMultipleProdductToChartTest -->
  <system-out>
    <![CDATA[<div><img style='width: 30%' src='../screenshots/loginSuccessWithValidCredentialTest_success_2025-11-18_21-31-10.png' /></div>
<div><a href='../screenshots/loginSuccessWithValidCredentialTest_success_2025-11-18_21-31-10.png' target='_blank'>loginSuccessWithValidCredentialTest</a></div>
<div><img style='width: 30%' src='../screenshots/loginFailedWithInvalidUsernameTest_success_2025-11-18_21-31-15.png' /></div>
<div><a href='../screenshots/loginFailedWithInvalidUsernameTest_success_2025-11-18_21-31-15.png' target='_blank'>loginFailedWithInvalidUsernameTest</a></div>
<div><img style='width: 30%' src='../screenshots/loginFailedWithInvalidPasswordTest_success_2025-11-18_21-31-20.png' /></div>
<div><a href='../screenshots/loginFailedWithInvalidPasswordTest_success_2025-11-18_21-31-20.png' target='_blank'>loginFailedWithInvalidPasswordTest</a></div>
<div><img style='width: 30%' src='../screenshots/loginFailedWithEmptyTest_success_2025-11-18_21-31-26.png' /></div>
<div><a href='../screenshots/loginFailedWithEmptyTest_success_2025-11-18_21-31-26.png' target='_blank'>loginFailedWithEmptyTest</a></div>
<div><img style='width: 30%' src='../screenshots/loginFailedWithEmptyUsernameTest_success_2025-11-18_21-31-34.png' /></div>
<div><a href='../screenshots/loginFailedWithEmptyUsernameTest_success_2025-11-18_21-31-34.png' target='_blank'>loginFailedWithEmptyUsernameTest</a></div>
<div><img style='width: 30%' src='../screenshots/loginFailedWithEmptyPasswordTest_success_2025-11-18_21-31-42.png' /></div>
<div><a href='../screenshots/loginFailedWithEmptyPasswordTest_success_2025-11-18_21-31-42.png' target='_blank'>loginFailedWithEmptyPasswordTest</a></div>
<div><img style='width: 30%' src='../screenshots/addSingleProductToChartTest_success_2025-11-18_21-31-46.png' /></div>
<div><a href='../screenshots/addSingleProductToChartTest_success_2025-11-18_21-31-46.png' target='_blank'>addSingleProductToChartTest</a></div>
<div><img style='width: 30%' src='../screenshots/addMultipleProdductToChartTest_success_2025-11-18_21-31-51.png' /></div>
<div><a href='../screenshots/addMultipleProdductToChartTest_success_2025-11-18_21-31-51.png' target='_blank'>addMultipleProdductToChartTest</a></div>]]>
  </system-out>
</testsuite> <!-- com.juaracoding.swaglabs.InventoryTest -->
